2026-04-10 11:31:58.676: [INFO] VisibilityChanged: 0
2026-04-10 11:31:58.788: [INFO] RecordSyncInitDuration has_sync_been_enabled: 0 state: 0
2026-04-10 11:31:58.789: [INFO] RecordSyncInitDuration has_sync_been_enabled: 0 state: 0
2026-04-10 11:31:58.790: [INFO] RecordSyncInitDuration has_sync_been_enabled: 0 state: 0
2026-04-10 11:31:58.790: [INFO] RecordSyncInitDuration has_sync_been_enabled: 0 state: 0
2026-04-10 11:31:58.791: [INFO] RecordSyncInitDuration has_sync_been_enabled: 0 state: 0
2026-04-10 11:31:58.792: [INFO] RecordSyncInitDuration has_sync_been_enabled: 0 state: 0
2026-04-10 11:31:58.793: [INFO] RecordSyncInitDuration has_sync_been_enabled: 0 state: 0
2026-04-10 11:31:58.794: [INFO] RecordSyncInitDuration has_sync_been_enabled: 0 state: 0
2026-04-10 11:31:58.794: [INFO] RecordSyncInitDuration has_sync_been_enabled: 0 state: 0
2026-04-10 11:31:58.795: [INFO] RecordSyncInitDuration has_sync_been_enabled: 0 state: 0
2026-04-10 11:31:58.796: [INFO] RecordSyncInitDuration has_sync_been_enabled: 0 state: 0
2026-04-10 11:31:58.797: [INFO] RecordSyncInitDuration has_sync_been_enabled: 0 state: 0
2026-04-10 11:31:58.810: [INFO] BookmarkModelLoaded, ids_reassigned: 0
2026-04-10 11:31:58.810: [INFO] OnDoneLoading sync enabled: 0
2026-04-10 11:31:58.814: [INFO] RecordSyncInitDuration has_sync_been_enabled: 0 state: 0
2026-04-10 11:32:01.937: [INFO] RecordSyncInitDuration has_sync_been_enabled: 0 state: 3
2026-04-10 11:32:01.939: [INFO] Primary account changed.
2026-04-10 11:32:01.939: [INFO] OnPrimaryAccountChanged PrimaryAccountChangeEvent::Type::kSet
2026-04-10 11:32:01.943: [INFO] RecordSyncInitDuration has_sync_been_enabled: 0 state: 3
2026-04-10 11:32:01.977: [INFO] RecordSyncInitDuration has_sync_been_enabled: 0 state: 3
2026-04-10 11:32:05.100: [INFO] VisibilityChanged: 1
2026-04-10 11:32:05.468: [INFO] BookmarkNodeAdded, ABU: 0
2026-04-10 11:32:05.469: [INFO] BookmarkNodeAdded, ABU: 0
2026-04-10 11:32:05.469: [INFO] BookmarkNodeAdded, ABU: 0
2026-04-10 11:32:05.470: [INFO] BookmarkNodeAdded, ABU: 0
2026-04-10 11:32:05.470: [INFO] BookmarkNodeAdded, ABU: 0
2026-04-10 11:32:05.471: [INFO] BookmarkNodeAdded, ABU: 0
2026-04-10 11:32:05.471: [INFO] BookmarkNodeAdded, ABU: 0
2026-04-10 11:32:05.471: [INFO] BookmarkNodeAdded, ABU: 0
2026-04-10 11:32:05.472: [INFO] BookmarkNodeAdded, ABU: 0
2026-04-10 11:32:05.472: [INFO] BookmarkNodeAdded, ABU: 0
2026-04-10 11:32:05.473: [INFO] BookmarkNodeAdded, ABU: 0
2026-04-10 11:32:05.473: [INFO] BookmarkNodeAdded, ABU: 0
2026-04-10 11:32:05.474: [INFO] BookmarkNodeAdded, ABU: 0
2026-04-10 11:32:05.475: [INFO] BookmarkNodeAdded, ABU: 0
2026-04-10 11:32:05.475: [INFO] BookmarkNodeAdded, ABU: 0
2026-04-10 11:32:05.476: [INFO] BookmarkNodeAdded, ABU: 0
2026-04-10 11:32:05.476: [INFO] BookmarkNodeAdded, ABU: 0
2026-04-10 11:32:05.477: [INFO] BookmarkNodeAdded, ABU: 0
2026-04-10 11:32:05.478: [INFO] BookmarkNodeAdded, ABU: 0
2026-04-10 11:32:05.479: [INFO] BookmarkNodeAdded, ABU: 0
2026-04-10 11:32:05.479: [INFO] BookmarkNodeAdded, ABU: 0
2026-04-10 11:32:05.480: [INFO] BookmarkNodeAdded, ABU: 0
2026-04-10 11:32:05.480: [INFO] BookmarkNodeAdded, ABU: 0
2026-04-10 11:32:05.481: [INFO] BookmarkNodeAdded, ABU: 0
2026-04-10 11:32:05.481: [INFO] BookmarkNodeAdded, ABU: 0
2026-04-10 11:32:05.482: [INFO] BookmarkNodeAdded, ABU: 0
2026-04-10 11:32:05.482: [INFO] BookmarkNodeAdded, ABU: 0
2026-04-10 11:32:05.483: [INFO] BookmarkNodeAdded, ABU: 0
2026-04-10 11:32:05.483: [INFO] BookmarkNodeAdded, ABU: 0
2026-04-10 11:32:05.484: [INFO] BookmarkNodeAdded, ABU: 0
2026-04-10 11:32:05.484: [INFO] BookmarkNodeAdded, ABU: 0
2026-04-10 11:32:05.485: [INFO] BookmarkNodeAdded, ABU: 0
2026-04-10 11:32:05.486: [INFO] BookmarkNodeAdded, ABU: 0
2026-04-10 11:32:05.487: [INFO] BookmarkNodeAdded, ABU: 0
2026-04-10 11:32:05.487: [INFO] BookmarkNodeAdded, ABU: 0
2026-04-10 11:32:05.488: [INFO] BookmarkNodeAdded, ABU: 0
2026-04-10 11:32:05.489: [INFO] BookmarkNodeAdded, ABU: 0
2026-04-10 11:32:05.490: [INFO] BookmarkNodeAdded, ABU: 0
2026-04-10 11:32:05.491: [INFO] BookmarkNodeAdded, ABU: 0
2026-04-10 11:32:05.491: [INFO] BookmarkNodeAdded, ABU: 0
2026-04-10 11:32:05.492: [INFO] BookmarkNodeAdded, ABU: 0
2026-04-10 11:32:05.493: [INFO] BookmarkNodeAdded, ABU: 0
2026-04-10 11:32:05.494: [INFO] BookmarkNodeAdded, ABU: 0
2026-04-10 11:32:05.494: [INFO] BookmarkNodeAdded, ABU: 0
2026-04-10 11:32:05.495: [INFO] BookmarkNodeAdded, ABU: 0
2026-04-10 11:32:05.495: [INFO] BookmarkNodeAdded, ABU: 0
2026-04-10 11:32:05.496: [INFO] BookmarkNodeAdded, ABU: 0
2026-04-10 11:32:18.477: [INFO] Sync initialization duration: 16358ms
