{"logTime": "0410/113203", "correlationVector":"lVb1il5yAHX7L4EaPK0nKJ.1","action":"SyncServerConnectionManagerRequest", "result":"SYNC_SERVER_OK", "context":{"environment":"Prod_southindia_prod-s01-004-apac-southindia", "migrationStage":"NotStarted", "server":"akswtt10300000h"}}
{"logTime": "0410/113203", "correlationVector":"lVb1il5yAHX7L4EaPK0nKJ.2","action":"ProcessGetUpdates", "result":"Done", "context":{"dataType":"Encryption Keys", "deleted":"0", "process_failed_to_decrypt":"0", "process_pending_decryption":"0", "process_success":"1", "total":"1"}}
{"logTime": "0410/113204", "correlationVector":"xbZPrbk/+VHAfNeoVJcxZl","action":"SyncServerConnectionManagerRequest", "result":"SYNC_SERVER_OK", "context":{"environment":"", "migrationStage":"", "server":""}}
{"logTime": "0410/113204", "correlationVector":"xbZPrbk/+VHAfNeoVJcxZl.0","action":"EncryptionKeysFetcher.DownloadKeys:", "result":"Success", "context":Key count: 5, Last key timestamp: 2026-01-04T05:28:38Z}
{"logTime": "0410/113204", "correlationVector":"xbZPrbk/+VHAfNeoVJcxZl.1","action":"EncryptionKeysManager::SetEncryptionKeys:", "result":"Success", "context":Key names[5]:[jH2aRGPX/MN12D1cj6bp8zEL3+Nte+qX0m/z4WDHr/J2D87B4KPJ1dnFGYts8bY9EPKbhWlkUnfueTcvBI2bsw==][MT/SaQ7IWw+XhBrS8AAocz9/90DnifNZRuWeEkbN3nGFGknmVgXPIY3RXuOgGfa5f6qMwRJOCl5lGE3yRQrN+w==][SrnTUoQA/oKTyu4T9fpo0uvtBONBiKqqjKtLvGSsdqYftQGhg+eTlowXq70zEWREPGGeqTZVijmdMSrZOne9bw==][1MJvxXnn8V4EtWC+2Y5oFV3Lu6sETtWB3MjeLcwJBZEedd3uhBfwJvurFCboG/aXfYBasnltS2FyNZsO3XnIyw==][OmpBphCFVDaUMduPxKeehPey4k2hgUzNVs+Oel5IZBGb/uPVhDq+IKJ1nCK2RgHOvQAh7+eQjC8fY2y0qMoxAQ==]}
{"logTime": "0410/113204", "correlationVector":"xbZPrbk/+VHAfNeoVJcxZl.2","action":"EncryptionKeysManager::SetEncryptionKeysWithTimestamps:", "result":"Success", "context":Key timestamps[5]:[2024-07-07T20:13:38Z][2024-07-10T17:09:20Z][2025-01-07T11:23:50Z][2025-07-07T04:31:44Z][2026-01-04T05:28:38Z]}
{"logTime": "0410/113204", "correlationVector":"lVb1il5yAHX7L4EaPK0nKJ","action":"Initial GetUpdates", "result":"", "context":Reason: NEW_CLIENT. cV=lVb1il5yAHX7L4EaPK0nKJ}
{"logTime": "0410/113204", "correlationVector":"lVb1il5yAHX7L4EaPK0nKJ.3","action":"GetUpdates Response", "result":"Success", "context":Received 1 update(s). cV=lVb1il5yAHX7L4EaPK0nKJ.0;server=akswtt10300000h;cloudType=Consumer;environment=Prod_southindia_prod-s01-004-apac-southindia;migrationStage=NotStarted}
{"logTime": "0410/113204", "correlationVector":"eGwPnQ7kUTxrswdItsDX7/","action":"Initial GetUpdates", "result":"", "context":Reason: NEWLY_SUPPORTED_DATATYPE. cV=eGwPnQ7kUTxrswdItsDX7/}
{"logTime": "0410/113205", "correlationVector":"eGwPnQ7kUTxrswdItsDX7/.1","action":"SyncServerConnectionManagerRequest", "result":"SYNC_SERVER_OK", "context":{"environment":"Prod_southindia_prod-s01-004-apac-southindia", "migrationStage":"NotStarted", "server":"akswtt10300001j"}}
{"logTime": "0410/113205", "correlationVector":"eGwPnQ7kUTxrswdItsDX7/.2","action":"ProcessGetUpdates", "result":"Done", "context":{"dataType":"Preferences", "deleted":"0", "process_failed_to_decrypt":"0", "process_pending_decryption":"0", "process_success":"100", "total":"100"}}
{"logTime": "0410/113205", "correlationVector":"eGwPnQ7kUTxrswdItsDX7/.3","action":"ProcessGetUpdates", "result":"Done", "context":{"dataType":"Passwords", "deleted":"1", "process_failed_to_decrypt":"0", "process_pending_decryption":"0", "process_success":"23", "total":"23"}}
{"logTime": "0410/113205", "correlationVector":"eGwPnQ7kUTxrswdItsDX7/.4","action":"ProcessGetUpdates", "result":"Done", "context":{"dataType":"Device Info", "deleted":"0", "process_failed_to_decrypt":"0", "process_pending_decryption":"0", "process_success":"4", "total":"4"}}
{"logTime": "0410/113205", "correlationVector":"eGwPnQ7kUTxrswdItsDX7/.5","action":"GetUpdates Response", "result":"Success", "context":Received 127 update(s). cV=eGwPnQ7kUTxrswdItsDX7/.0;server=akswtt10300001j;cloudType=Consumer;environment=Prod_southindia_prod-s01-004-apac-southindia;migrationStage=NotStarted}
{"logTime": "0410/113205", "correlationVector":"kYoxbgKnMrL83Haj+U5C8b","action":"Initial GetUpdates", "result":"", "context":Reason: NEWLY_SUPPORTED_DATATYPE. cV=kYoxbgKnMrL83Haj+U5C8b}
{"logTime": "0410/113205", "correlationVector":"kYoxbgKnMrL83Haj+U5C8b.1","action":"SyncServerConnectionManagerRequest", "result":"SYNC_SERVER_OK", "context":{"environment":"Prod_southindia_prod-s01-004-apac-southindia", "migrationStage":"NotStarted", "server":"akswtt10300000h"}}
{"logTime": "0410/113205", "correlationVector":"kYoxbgKnMrL83Haj+U5C8b.2","action":"ProcessGetUpdates", "result":"Done", "context":{"dataType":"Bookmarks", "deleted":"3", "process_failed_to_decrypt":"0", "process_pending_decryption":"0", "process_success":"56", "total":"56"}}
{"logTime": "0410/113205", "correlationVector":"kYoxbgKnMrL83Haj+U5C8b.3","action":"GetUpdates Response", "result":"Success", "context":Received 56 update(s). cV=kYoxbgKnMrL83Haj+U5C8b.0;server=akswtt10300000h;cloudType=Consumer;environment=Prod_southindia_prod-s01-004-apac-southindia;migrationStage=NotStarted}
{"logTime": "0410/113205", "correlationVector":"gzmEjo4MqgA4VmauuEpNXU","action":"Initial GetUpdates", "result":"", "context":Reason: NEWLY_SUPPORTED_DATATYPE. cV=gzmEjo4MqgA4VmauuEpNXU}
{"logTime": "0410/113206", "correlationVector":"gzmEjo4MqgA4VmauuEpNXU.1","action":"SyncServerConnectionManagerRequest", "result":"SYNC_SERVER_OK", "context":{"environment":"Prod_southindia_prod-s01-004-apac-southindia", "migrationStage":"NotStarted", "server":"akswtt10300000t"}}
{"logTime": "0410/113206", "correlationVector":"gzmEjo4MqgA4VmauuEpNXU.2","action":"ProcessGetUpdates", "result":"Done", "context":{"dataType":"Autofill Profiles", "deleted":"0", "process_failed_to_decrypt":"0", "process_pending_decryption":"0", "process_success":"16", "total":"16"}}
{"logTime": "0410/113206", "correlationVector":"gzmEjo4MqgA4VmauuEpNXU.3","action":"ProcessGetUpdates", "result":"Done", "context":{"dataType":"Autofill", "deleted":"0", "process_failed_to_decrypt":"0", "process_pending_decryption":"0", "process_success":"222", "total":"222"}}
{"logTime": "0410/113206", "correlationVector":"gzmEjo4MqgA4VmauuEpNXU.4","action":"ProcessGetUpdates", "result":"Done", "context":{"dataType":"Extensions", "deleted":"0", "process_failed_to_decrypt":"0", "process_pending_decryption":"0", "process_success":"1", "total":"1"}}
{"logTime": "0410/113206", "correlationVector":"gzmEjo4MqgA4VmauuEpNXU.5","action":"ProcessGetUpdates", "result":"Done", "context":{"dataType":"Saved Tab Group", "deleted":"11", "process_failed_to_decrypt":"0", "process_pending_decryption":"0", "process_success":"11", "total":"11"}}
{"logTime": "0410/113206", "correlationVector":"gzmEjo4MqgA4VmauuEpNXU.6","action":"GetUpdates Response", "result":"Success", "context":Received 250 update(s). cV=gzmEjo4MqgA4VmauuEpNXU.0;server=akswtt10300000t;cloudType=Consumer;environment=Prod_southindia_prod-s01-004-apac-southindia;migrationStage=NotStarted Some updates remain.}
{"logTime": "0410/113206", "correlationVector":"grpHGW3uv8ME5Yt+AxqJ0Z","action":"Initial GetUpdates", "result":"", "context":Reason: NEWLY_SUPPORTED_DATATYPE. cV=grpHGW3uv8ME5Yt+AxqJ0Z}
{"logTime": "0410/113207", "correlationVector":"grpHGW3uv8ME5Yt+AxqJ0Z.1","action":"SyncServerConnectionManagerRequest", "result":"SYNC_SERVER_OK", "context":{"environment":"Prod_southindia_prod-s01-004-apac-southindia", "migrationStage":"NotStarted", "server":"akswtt10300000b"}}
{"logTime": "0410/113207", "correlationVector":"grpHGW3uv8ME5Yt+AxqJ0Z.2","action":"ProcessGetUpdates", "result":"Done", "context":{"dataType":"Autofill", "deleted":"0", "process_failed_to_decrypt":"0", "process_pending_decryption":"0", "process_success":"250", "total":"250"}}
{"logTime": "0410/113207", "correlationVector":"grpHGW3uv8ME5Yt+AxqJ0Z.3","action":"GetUpdates Response", "result":"Success", "context":Received 250 update(s). cV=grpHGW3uv8ME5Yt+AxqJ0Z.0;server=akswtt10300000b;cloudType=Consumer;environment=Prod_southindia_prod-s01-004-apac-southindia;migrationStage=NotStarted Some updates remain.}
{"logTime": "0410/113207", "correlationVector":"3QO2Xoh9BDwEUSpjs8xcWk","action":"Initial GetUpdates", "result":"", "context":Reason: NEWLY_SUPPORTED_DATATYPE. cV=3QO2Xoh9BDwEUSpjs8xcWk}
{"logTime": "0410/113209", "correlationVector":"3QO2Xoh9BDwEUSpjs8xcWk.1","action":"SyncServerConnectionManagerRequest", "result":"SYNC_SERVER_OK", "context":{"environment":"Prod_southindia_prod-s01-004-apac-southindia", "migrationStage":"NotStarted", "server":"akswtt10300000h"}}
{"logTime": "0410/113209", "correlationVector":"3QO2Xoh9BDwEUSpjs8xcWk.2","action":"ProcessGetUpdates", "result":"Done", "context":{"dataType":"Autofill", "deleted":"0", "process_failed_to_decrypt":"0", "process_pending_decryption":"0", "process_success":"76", "total":"76"}}
{"logTime": "0410/113209", "correlationVector":"3QO2Xoh9BDwEUSpjs8xcWk.3","action":"ProcessGetUpdates", "result":"Done", "context":{"dataType":"Sessions", "deleted":"174", "process_failed_to_decrypt":"0", "process_pending_decryption":"0", "process_success":"174", "total":"174"}}
{"logTime": "0410/113209", "correlationVector":"3QO2Xoh9BDwEUSpjs8xcWk.4","action":"GetUpdates Response", "result":"Success", "context":Received 250 update(s). cV=3QO2Xoh9BDwEUSpjs8xcWk.0;server=akswtt10300000h;cloudType=Consumer;environment=Prod_southindia_prod-s01-004-apac-southindia;migrationStage=NotStarted Some updates remain.}
{"logTime": "0410/113209", "correlationVector":"96YyJbgRfEvGmMOrYhe6B0","action":"Initial GetUpdates", "result":"", "context":Reason: NEWLY_SUPPORTED_DATATYPE. cV=96YyJbgRfEvGmMOrYhe6B0}
{"logTime": "0410/113210", "correlationVector":"96YyJbgRfEvGmMOrYhe6B0.1","action":"SyncServerConnectionManagerRequest", "result":"SYNC_SERVER_OK", "context":{"environment":"Prod_southindia_prod-s01-004-apac-southindia", "migrationStage":"NotStarted", "server":"akswtt10300000c"}}
{"logTime": "0410/113210", "correlationVector":"96YyJbgRfEvGmMOrYhe6B0.2","action":"ProcessGetUpdates", "result":"Done", "context":{"dataType":"Autofill Profiles", "deleted":"2", "process_failed_to_decrypt":"0", "process_pending_decryption":"0", "process_success":"3", "total":"3"}}
{"logTime": "0410/113210", "correlationVector":"96YyJbgRfEvGmMOrYhe6B0.3","action":"ProcessGetUpdates", "result":"Done", "context":{"dataType":"Autofill", "deleted":"0", "process_failed_to_decrypt":"0", "process_pending_decryption":"0", "process_success":"14", "total":"14"}}
{"logTime": "0410/113210", "correlationVector":"96YyJbgRfEvGmMOrYhe6B0.4","action":"ProcessGetUpdates", "result":"Done", "context":{"dataType":"Sessions", "deleted":"231", "process_failed_to_decrypt":"0", "process_pending_decryption":"0", "process_success":"231", "total":"231"}}
{"logTime": "0410/113210", "correlationVector":"96YyJbgRfEvGmMOrYhe6B0.5","action":"ProcessGetUpdates", "result":"Done", "context":{"dataType":"Edge Hub App Usage", "deleted":"1", "process_failed_to_decrypt":"0", "process_pending_decryption":"0", "process_success":"2", "total":"2"}}
{"logTime": "0410/113210", "correlationVector":"96YyJbgRfEvGmMOrYhe6B0.6","action":"GetUpdates Response", "result":"Success", "context":Received 250 update(s). cV=96YyJbgRfEvGmMOrYhe6B0.0;server=akswtt10300000c;cloudType=Consumer;environment=Prod_southindia_prod-s01-004-apac-southindia;migrationStage=NotStarted Some updates remain.}
{"logTime": "0410/113210", "correlationVector":"snaqan+J6XiaQgVbKKeNf+","action":"Initial GetUpdates", "result":"", "context":Reason: NEWLY_SUPPORTED_DATATYPE. cV=snaqan+J6XiaQgVbKKeNf+}
{"logTime": "0410/113211", "correlationVector":"snaqan+J6XiaQgVbKKeNf+.1","action":"SyncServerConnectionManagerRequest", "result":"SYNC_SERVER_OK", "context":{"environment":"Prod_southindia_prod-s01-004-apac-southindia", "migrationStage":"NotStarted", "server":"akswtt10300000v"}}
{"logTime": "0410/113211", "correlationVector":"snaqan+J6XiaQgVbKKeNf+.2","action":"ProcessGetUpdates", "result":"Done", "context":{"dataType":"Autofill Profiles", "deleted":"0", "process_failed_to_decrypt":"0", "process_pending_decryption":"0", "process_success":"1", "total":"1"}}
{"logTime": "0410/113211", "correlationVector":"snaqan+J6XiaQgVbKKeNf+.3","action":"ProcessGetUpdates", "result":"Done", "context":{"dataType":"Autofill", "deleted":"0", "process_failed_to_decrypt":"0", "process_pending_decryption":"0", "process_success":"2", "total":"2"}}
{"logTime": "0410/113211", "correlationVector":"snaqan+J6XiaQgVbKKeNf+.4","action":"ProcessGetUpdates", "result":"Done", "context":{"dataType":"Sessions", "deleted":"247", "process_failed_to_decrypt":"0", "process_pending_decryption":"0", "process_success":"247", "total":"247"}}
{"logTime": "0410/113211", "correlationVector":"snaqan+J6XiaQgVbKKeNf+.5","action":"GetUpdates Response", "result":"Success", "context":Received 250 update(s). cV=snaqan+J6XiaQgVbKKeNf+.0;server=akswtt10300000v;cloudType=Consumer;environment=Prod_southindia_prod-s01-004-apac-southindia;migrationStage=NotStarted Some updates remain.}
{"logTime": "0410/113211", "correlationVector":"IqcBVzBbRsz5IT3/+k9zrK","action":"Initial GetUpdates", "result":"", "context":Reason: NEWLY_SUPPORTED_DATATYPE. cV=IqcBVzBbRsz5IT3/+k9zrK}
{"logTime": "0410/113213", "correlationVector":"IqcBVzBbRsz5IT3/+k9zrK.1","action":"SyncServerConnectionManagerRequest", "result":"SYNC_SERVER_OK", "context":{"environment":"Prod_southindia_prod-s01-004-apac-southindia", "migrationStage":"NotStarted", "server":"akswtt10300000q"}}
{"logTime": "0410/113213", "correlationVector":"IqcBVzBbRsz5IT3/+k9zrK.2","action":"ProcessGetUpdates", "result":"Done", "context":{"dataType":"Autofill Profiles", "deleted":"0", "process_failed_to_decrypt":"0", "process_pending_decryption":"0", "process_success":"1", "total":"1"}}
{"logTime": "0410/113213", "correlationVector":"IqcBVzBbRsz5IT3/+k9zrK.3","action":"ProcessGetUpdates", "result":"Done", "context":{"dataType":"Autofill", "deleted":"0", "process_failed_to_decrypt":"0", "process_pending_decryption":"0", "process_success":"5", "total":"5"}}
{"logTime": "0410/113213", "correlationVector":"IqcBVzBbRsz5IT3/+k9zrK.4","action":"ProcessGetUpdates", "result":"Done", "context":{"dataType":"Sessions", "deleted":"244", "process_failed_to_decrypt":"0", "process_pending_decryption":"0", "process_success":"244", "total":"244"}}
{"logTime": "0410/113213", "correlationVector":"IqcBVzBbRsz5IT3/+k9zrK.5","action":"GetUpdates Response", "result":"Success", "context":Received 250 update(s). cV=IqcBVzBbRsz5IT3/+k9zrK.0;server=akswtt10300000q;cloudType=Consumer;environment=Prod_southindia_prod-s01-004-apac-southindia;migrationStage=NotStarted Some updates remain.}
{"logTime": "0410/113213", "correlationVector":"A8folRvduxleb0bU4SXxLJ","action":"Initial GetUpdates", "result":"", "context":Reason: NEWLY_SUPPORTED_DATATYPE. cV=A8folRvduxleb0bU4SXxLJ}
{"logTime": "0410/113215", "correlationVector":"A8folRvduxleb0bU4SXxLJ.1","action":"SyncServerConnectionManagerRequest", "result":"SYNC_SERVER_OK", "context":{"environment":"Prod_southindia_prod-s01-004-apac-southindia", "migrationStage":"NotStarted", "server":"akswtt10300000b"}}
{"logTime": "0410/113215", "correlationVector":"A8folRvduxleb0bU4SXxLJ.2","action":"ProcessGetUpdates", "result":"Done", "context":{"dataType":"Autofill Profiles", "deleted":"1", "process_failed_to_decrypt":"0", "process_pending_decryption":"0", "process_success":"1", "total":"1"}}
{"logTime": "0410/113215", "correlationVector":"A8folRvduxleb0bU4SXxLJ.3","action":"ProcessGetUpdates", "result":"Done", "context":{"dataType":"Autofill", "deleted":"0", "process_failed_to_decrypt":"0", "process_pending_decryption":"0", "process_success":"1", "total":"1"}}
{"logTime": "0410/113215", "correlationVector":"A8folRvduxleb0bU4SXxLJ.4","action":"ProcessGetUpdates", "result":"Done", "context":{"dataType":"Sessions", "deleted":"247", "process_failed_to_decrypt":"0", "process_pending_decryption":"0", "process_success":"247", "total":"247"}}
{"logTime": "0410/113215", "correlationVector":"A8folRvduxleb0bU4SXxLJ.5","action":"ProcessGetUpdates", "result":"Done", "context":{"dataType":"Edge Hub App Usage", "deleted":"1", "process_failed_to_decrypt":"0", "process_pending_decryption":"0", "process_success":"1", "total":"1"}}
{"logTime": "0410/113215", "correlationVector":"A8folRvduxleb0bU4SXxLJ.6","action":"GetUpdates Response", "result":"Success", "context":Received 250 update(s). cV=A8folRvduxleb0bU4SXxLJ.0;server=akswtt10300000b;cloudType=Consumer;environment=Prod_southindia_prod-s01-004-apac-southindia;migrationStage=NotStarted Some updates remain.}
{"logTime": "0410/113215", "correlationVector":"aFFhVbaKMT5YZ3FPpu6OGZ","action":"Initial GetUpdates", "result":"", "context":Reason: NEWLY_SUPPORTED_DATATYPE. cV=aFFhVbaKMT5YZ3FPpu6OGZ}
{"logTime": "0410/113216", "correlationVector":"aFFhVbaKMT5YZ3FPpu6OGZ.1","action":"SyncServerConnectionManagerRequest", "result":"SYNC_SERVER_OK", "context":{"environment":"Prod_southindia_prod-s01-004-apac-southindia", "migrationStage":"NotStarted", "server":"akswtt10300000v"}}
{"logTime": "0410/113216", "correlationVector":"aFFhVbaKMT5YZ3FPpu6OGZ.2","action":"ProcessGetUpdates", "result":"Done", "context":{"dataType":"Autofill Profiles", "deleted":"3", "process_failed_to_decrypt":"0", "process_pending_decryption":"0", "process_success":"4", "total":"4"}}
{"logTime": "0410/113216", "correlationVector":"aFFhVbaKMT5YZ3FPpu6OGZ.3","action":"ProcessGetUpdates", "result":"Done", "context":{"dataType":"Autofill", "deleted":"0", "process_failed_to_decrypt":"0", "process_pending_decryption":"0", "process_success":"9", "total":"9"}}
{"logTime": "0410/113216", "correlationVector":"aFFhVbaKMT5YZ3FPpu6OGZ.4","action":"ProcessGetUpdates", "result":"Done", "context":{"dataType":"Sessions", "deleted":"227", "process_failed_to_decrypt":"0", "process_pending_decryption":"0", "process_success":"227", "total":"227"}}
{"logTime": "0410/113216", "correlationVector":"aFFhVbaKMT5YZ3FPpu6OGZ.5","action":"ProcessGetUpdates", "result":"Done", "context":{"dataType":"Edge Hub App Usage", "deleted":"7", "process_failed_to_decrypt":"0", "process_pending_decryption":"0", "process_success":"10", "total":"10"}}
{"logTime": "0410/113216", "correlationVector":"aFFhVbaKMT5YZ3FPpu6OGZ.6","action":"GetUpdates Response", "result":"Success", "context":Received 250 update(s). cV=aFFhVbaKMT5YZ3FPpu6OGZ.0;server=akswtt10300000v;cloudType=Consumer;environment=Prod_southindia_prod-s01-004-apac-southindia;migrationStage=NotStarted Some updates remain.}
{"logTime": "0410/113216", "correlationVector":"ON0gQ0ckMkiAmee3jRJm08","action":"Initial GetUpdates", "result":"", "context":Reason: NEWLY_SUPPORTED_DATATYPE. cV=ON0gQ0ckMkiAmee3jRJm08}
{"logTime": "0410/113218", "correlationVector":"ON0gQ0ckMkiAmee3jRJm08.1","action":"SyncServerConnectionManagerRequest", "result":"SYNC_SERVER_OK", "context":{"environment":"Prod_southindia_prod-s01-004-apac-southindia", "migrationStage":"NotStarted", "server":"akswtt10300001z"}}
{"logTime": "0410/113218", "correlationVector":"ON0gQ0ckMkiAmee3jRJm08.2","action":"ProcessGetUpdates", "result":"Done", "context":{"dataType":"Autofill", "deleted":"0", "process_failed_to_decrypt":"0", "process_pending_decryption":"0", "process_success":"15", "total":"15"}}
{"logTime": "0410/113218", "correlationVector":"ON0gQ0ckMkiAmee3jRJm08.3","action":"ProcessGetUpdates", "result":"Done", "context":{"dataType":"Extensions", "deleted":"0", "process_failed_to_decrypt":"0", "process_pending_decryption":"0", "process_success":"1", "total":"1"}}
{"logTime": "0410/113218", "correlationVector":"ON0gQ0ckMkiAmee3jRJm08.4","action":"ProcessGetUpdates", "result":"Done", "context":{"dataType":"Sessions", "deleted":"222", "process_failed_to_decrypt":"0", "process_pending_decryption":"0", "process_success":"230", "total":"230"}}
{"logTime": "0410/113218", "correlationVector":"ON0gQ0ckMkiAmee3jRJm08.5","action":"ProcessGetUpdates", "result":"Done", "context":{"dataType":"Edge Hub App Usage", "deleted":"0", "process_failed_to_decrypt":"0", "process_pending_decryption":"0", "process_success":"4", "total":"4"}}
{"logTime": "0410/113218", "correlationVector":"ON0gQ0ckMkiAmee3jRJm08.6","action":"GetUpdates Response", "result":"Success", "context":Received 250 update(s). cV=ON0gQ0ckMkiAmee3jRJm08.0;server=akswtt10300001z;cloudType=Consumer;environment=Prod_southindia_prod-s01-004-apac-southindia;migrationStage=NotStarted Some updates remain.}
{"logTime": "0410/113218", "correlationVector":"wffQtOopdbXTVNJgu7tAv3","action":"Initial GetUpdates", "result":"", "context":Reason: NEWLY_SUPPORTED_DATATYPE. cV=wffQtOopdbXTVNJgu7tAv3}
{"logTime": "0410/113218", "correlationVector":"wffQtOopdbXTVNJgu7tAv3.1","action":"SyncServerConnectionManagerRequest", "result":"SYNC_SERVER_OK", "context":{"environment":"Prod_southindia_prod-s01-004-apac-southindia", "migrationStage":"NotStarted", "server":"akswtt10300001c"}}
{"logTime": "0410/113218", "correlationVector":"wffQtOopdbXTVNJgu7tAv3.2","action":"ProcessGetUpdates", "result":"Done", "context":{"dataType":"Sessions", "deleted":"0", "process_failed_to_decrypt":"0", "process_pending_decryption":"0", "process_success":"1", "total":"1"}}
{"logTime": "0410/113218", "correlationVector":"wffQtOopdbXTVNJgu7tAv3.3","action":"GetUpdates Response", "result":"Success", "context":Received 1 update(s). cV=wffQtOopdbXTVNJgu7tAv3.0;server=akswtt10300001c;cloudType=Consumer;environment=Prod_southindia_prod-s01-004-apac-southindia;migrationStage=NotStarted}
{"logTime": "0410/113218", "correlationVector":"Cf5cie9hZmCamJjidepUWN","action":"Initial GetUpdates", "result":"", "context":Reason: NEWLY_SUPPORTED_DATATYPE. cV=Cf5cie9hZmCamJjidepUWN}
{"logTime": "0410/113219", "correlationVector":"Cf5cie9hZmCamJjidepUWN.1","action":"SyncServerConnectionManagerRequest", "result":"SYNC_SERVER_OK", "context":{"environment":"Prod_southindia_prod-s01-004-apac-southindia", "migrationStage":"NotStarted", "server":"akswtt10300000p"}}
{"logTime": "0410/113219", "correlationVector":"Cf5cie9hZmCamJjidepUWN.2","action":"ProcessGetUpdates", "result":"Done", "context":{"dataType":"History", "deleted":"0", "process_failed_to_decrypt":"0", "process_pending_decryption":"0", "process_success":"250", "total":"250"}}
{"logTime": "0410/113219", "correlationVector":"Cf5cie9hZmCamJjidepUWN.3","action":"GetUpdates Response", "result":"Success", "context":Received 250 update(s). cV=Cf5cie9hZmCamJjidepUWN.0;server=akswtt10300000p;cloudType=Consumer;environment=Prod_southindia_prod-s01-004-apac-southindia;migrationStage=NotStarted Some updates remain.}
{"logTime": "0410/113219", "correlationVector":"a0tzChrOJ8HOXgZ8qJAH1z","action":"Initial GetUpdates", "result":"", "context":Reason: NEWLY_SUPPORTED_DATATYPE. cV=a0tzChrOJ8HOXgZ8qJAH1z}
{"logTime": "0410/113220", "correlationVector":"a0tzChrOJ8HOXgZ8qJAH1z.1","action":"SyncServerConnectionManagerRequest", "result":"SYNC_SERVER_OK", "context":{"environment":"Prod_southindia_prod-s01-004-apac-southindia", "migrationStage":"NotStarted", "server":"akswtt103000005"}}
{"logTime": "0410/113220", "correlationVector":"a0tzChrOJ8HOXgZ8qJAH1z.2","action":"ProcessGetUpdates", "result":"Done", "context":{"dataType":"History", "deleted":"0", "process_failed_to_decrypt":"0", "process_pending_decryption":"0", "process_success":"250", "total":"250"}}
{"logTime": "0410/113220", "correlationVector":"a0tzChrOJ8HOXgZ8qJAH1z.3","action":"GetUpdates Response", "result":"Success", "context":Received 250 update(s). cV=a0tzChrOJ8HOXgZ8qJAH1z.0;server=akswtt103000005;cloudType=Consumer;environment=Prod_southindia_prod-s01-004-apac-southindia;migrationStage=NotStarted Some updates remain.}
{"logTime": "0410/113220", "correlationVector":"bshPsYxB3PQTpM/Y5/Lhg6","action":"Initial GetUpdates", "result":"", "context":Reason: NEWLY_SUPPORTED_DATATYPE. cV=bshPsYxB3PQTpM/Y5/Lhg6}
{"logTime": "0410/113221", "correlationVector":"bshPsYxB3PQTpM/Y5/Lhg6.1","action":"SyncServerConnectionManagerRequest", "result":"SYNC_SERVER_OK", "context":{"environment":"Prod_southindia_prod-s01-004-apac-southindia", "migrationStage":"NotStarted", "server":"akswtt103000010"}}
{"logTime": "0410/113221", "correlationVector":"bshPsYxB3PQTpM/Y5/Lhg6.2","action":"ProcessGetUpdates", "result":"Done", "context":{"dataType":"History", "deleted":"0", "process_failed_to_decrypt":"0", "process_pending_decryption":"0", "process_success":"250", "total":"250"}}
{"logTime": "0410/113221", "correlationVector":"bshPsYxB3PQTpM/Y5/Lhg6.3","action":"GetUpdates Response", "result":"Success", "context":Received 250 update(s). cV=bshPsYxB3PQTpM/Y5/Lhg6.0;server=akswtt103000010;cloudType=Consumer;environment=Prod_southindia_prod-s01-004-apac-southindia;migrationStage=NotStarted Some updates remain.}
{"logTime": "0410/113221", "correlationVector":"mYRja5SVmc2O6FqaZbBX3j","action":"Initial GetUpdates", "result":"", "context":Reason: NEWLY_SUPPORTED_DATATYPE. cV=mYRja5SVmc2O6FqaZbBX3j}
{"logTime": "0410/113222", "correlationVector":"mYRja5SVmc2O6FqaZbBX3j.1","action":"SyncServerConnectionManagerRequest", "result":"SYNC_SERVER_OK", "context":{"environment":"Prod_southindia_prod-s01-004-apac-southindia", "migrationStage":"NotStarted", "server":"akswtt10300000v"}}
{"logTime": "0410/113222", "correlationVector":"mYRja5SVmc2O6FqaZbBX3j.2","action":"ProcessGetUpdates", "result":"Done", "context":{"dataType":"History", "deleted":"0", "process_failed_to_decrypt":"0", "process_pending_decryption":"0", "process_success":"250", "total":"250"}}
{"logTime": "0410/113222", "correlationVector":"mYRja5SVmc2O6FqaZbBX3j.3","action":"GetUpdates Response", "result":"Success", "context":Received 250 update(s). cV=mYRja5SVmc2O6FqaZbBX3j.0;server=akswtt10300000v;cloudType=Consumer;environment=Prod_southindia_prod-s01-004-apac-southindia;migrationStage=NotStarted Some updates remain.}
{"logTime": "0410/113222", "correlationVector":"VpA+LYoR/PdFqpMPEjYaiH","action":"Initial GetUpdates", "result":"", "context":Reason: NEWLY_SUPPORTED_DATATYPE. cV=VpA+LYoR/PdFqpMPEjYaiH}
{"logTime": "0410/113223", "correlationVector":"VpA+LYoR/PdFqpMPEjYaiH.1","action":"SyncServerConnectionManagerRequest", "result":"SYNC_SERVER_OK", "context":{"environment":"Prod_southindia_prod-s01-004-apac-southindia", "migrationStage":"NotStarted", "server":"akswtt10300001z"}}
{"logTime": "0410/113223", "correlationVector":"VpA+LYoR/PdFqpMPEjYaiH.2","action":"ProcessGetUpdates", "result":"Done", "context":{"dataType":"History", "deleted":"0", "process_failed_to_decrypt":"0", "process_pending_decryption":"0", "process_success":"250", "total":"250"}}
{"logTime": "0410/113223", "correlationVector":"VpA+LYoR/PdFqpMPEjYaiH.3","action":"GetUpdates Response", "result":"Success", "context":Received 250 update(s). cV=VpA+LYoR/PdFqpMPEjYaiH.0;server=akswtt10300001z;cloudType=Consumer;environment=Prod_southindia_prod-s01-004-apac-southindia;migrationStage=NotStarted Some updates remain.}
{"logTime": "0410/113223", "correlationVector":"EyMCgEp3by0ut4HaoFCLEk","action":"Initial GetUpdates", "result":"", "context":Reason: NEWLY_SUPPORTED_DATATYPE. cV=EyMCgEp3by0ut4HaoFCLEk}
{"logTime": "0410/113225", "correlationVector":"EyMCgEp3by0ut4HaoFCLEk.1","action":"SyncServerConnectionManagerRequest", "result":"SYNC_SERVER_OK", "context":{"environment":"Prod_southindia_prod-s01-004-apac-southindia", "migrationStage":"NotStarted", "server":"akswtt103000014"}}
{"logTime": "0410/113225", "correlationVector":"EyMCgEp3by0ut4HaoFCLEk.2","action":"ProcessGetUpdates", "result":"Done", "context":{"dataType":"History", "deleted":"0", "process_failed_to_decrypt":"0", "process_pending_decryption":"0", "process_success":"250", "total":"250"}}
{"logTime": "0410/113225", "correlationVector":"EyMCgEp3by0ut4HaoFCLEk.3","action":"GetUpdates Response", "result":"Success", "context":Received 250 update(s). cV=EyMCgEp3by0ut4HaoFCLEk.0;server=akswtt103000014;cloudType=Consumer;environment=Prod_southindia_prod-s01-004-apac-southindia;migrationStage=NotStarted Some updates remain.}
{"logTime": "0410/113225", "correlationVector":"ibZgFgGv/CTHMF2Z2Y7AhW","action":"Initial GetUpdates", "result":"", "context":Reason: NEWLY_SUPPORTED_DATATYPE. cV=ibZgFgGv/CTHMF2Z2Y7AhW}
{"logTime": "0410/113226", "correlationVector":"ibZgFgGv/CTHMF2Z2Y7AhW.1","action":"SyncServerConnectionManagerRequest", "result":"SYNC_SERVER_OK", "context":{"environment":"Prod_southindia_prod-s01-004-apac-southindia", "migrationStage":"NotStarted", "server":"akswtt10300001i"}}
{"logTime": "0410/113226", "correlationVector":"ibZgFgGv/CTHMF2Z2Y7AhW.2","action":"ProcessGetUpdates", "result":"Done", "context":{"dataType":"History", "deleted":"0", "process_failed_to_decrypt":"0", "process_pending_decryption":"0", "process_success":"250", "total":"250"}}
{"logTime": "0410/113226", "correlationVector":"ibZgFgGv/CTHMF2Z2Y7AhW.3","action":"GetUpdates Response", "result":"Success", "context":Received 250 update(s). cV=ibZgFgGv/CTHMF2Z2Y7AhW.0;server=akswtt10300001i;cloudType=Consumer;environment=Prod_southindia_prod-s01-004-apac-southindia;migrationStage=NotStarted Some updates remain.}
{"logTime": "0410/113226", "correlationVector":"J831Azt33rEgyLBep8J/Nr","action":"Initial GetUpdates", "result":"", "context":Reason: NEWLY_SUPPORTED_DATATYPE. cV=J831Azt33rEgyLBep8J/Nr}
{"logTime": "0410/113227", "correlationVector":"J831Azt33rEgyLBep8J/Nr.1","action":"SyncServerConnectionManagerRequest", "result":"SYNC_SERVER_OK", "context":{"environment":"Prod_southindia_prod-s01-004-apac-southindia", "migrationStage":"NotStarted", "server":"akswtt103000003"}}
{"logTime": "0410/113227", "correlationVector":"J831Azt33rEgyLBep8J/Nr.2","action":"ProcessGetUpdates", "result":"Done", "context":{"dataType":"History", "deleted":"0", "process_failed_to_decrypt":"0", "process_pending_decryption":"0", "process_success":"250", "total":"250"}}
{"logTime": "0410/113227", "correlationVector":"J831Azt33rEgyLBep8J/Nr.3","action":"GetUpdates Response", "result":"Success", "context":Received 250 update(s). cV=J831Azt33rEgyLBep8J/Nr.0;server=akswtt103000003;cloudType=Consumer;environment=Prod_southindia_prod-s01-004-apac-southindia;migrationStage=NotStarted Some updates remain.}
{"logTime": "0410/113227", "correlationVector":"qcEhDTU2v3Vyg1J58ymd+i","action":"Initial GetUpdates", "result":"", "context":Reason: NEWLY_SUPPORTED_DATATYPE. cV=qcEhDTU2v3Vyg1J58ymd+i}
{"logTime": "0410/113228", "correlationVector":"qcEhDTU2v3Vyg1J58ymd+i.1","action":"SyncServerConnectionManagerRequest", "result":"SYNC_SERVER_OK", "context":{"environment":"Prod_southindia_prod-s01-004-apac-southindia", "migrationStage":"NotStarted", "server":"akswtt10300001d"}}
{"logTime": "0410/113228", "correlationVector":"qcEhDTU2v3Vyg1J58ymd+i.2","action":"ProcessGetUpdates", "result":"Done", "context":{"dataType":"History", "deleted":"0", "process_failed_to_decrypt":"0", "process_pending_decryption":"0", "process_success":"250", "total":"250"}}
{"logTime": "0410/113228", "correlationVector":"qcEhDTU2v3Vyg1J58ymd+i.3","action":"GetUpdates Response", "result":"Success", "context":Received 250 update(s). cV=qcEhDTU2v3Vyg1J58ymd+i.0;server=akswtt10300001d;cloudType=Consumer;environment=Prod_southindia_prod-s01-004-apac-southindia;migrationStage=NotStarted Some updates remain.}
{"logTime": "0410/113228", "correlationVector":"1A11pLzqfsQY1OLtA5ftMV","action":"Initial GetUpdates", "result":"", "context":Reason: NEWLY_SUPPORTED_DATATYPE. cV=1A11pLzqfsQY1OLtA5ftMV}
{"logTime": "0410/113229", "correlationVector":"1A11pLzqfsQY1OLtA5ftMV.1","action":"SyncServerConnectionManagerRequest", "result":"SYNC_SERVER_OK", "context":{"environment":"Prod_southindia_prod-s01-004-apac-southindia", "migrationStage":"NotStarted", "server":"akswtt10300000m"}}
{"logTime": "0410/113229", "correlationVector":"1A11pLzqfsQY1OLtA5ftMV.2","action":"ProcessGetUpdates", "result":"Done", "context":{"dataType":"History", "deleted":"0", "process_failed_to_decrypt":"0", "process_pending_decryption":"0", "process_success":"250", "total":"250"}}
{"logTime": "0410/113229", "correlationVector":"1A11pLzqfsQY1OLtA5ftMV.3","action":"GetUpdates Response", "result":"Success", "context":Received 250 update(s). cV=1A11pLzqfsQY1OLtA5ftMV.0;server=akswtt10300000m;cloudType=Consumer;environment=Prod_southindia_prod-s01-004-apac-southindia;migrationStage=NotStarted Some updates remain.}
{"logTime": "0410/113229", "correlationVector":"scaflIREJlhCLS/BXJZ5MZ","action":"Initial GetUpdates", "result":"", "context":Reason: NEWLY_SUPPORTED_DATATYPE. cV=scaflIREJlhCLS/BXJZ5MZ}
{"logTime": "0410/113231", "correlationVector":"scaflIREJlhCLS/BXJZ5MZ.1","action":"SyncServerConnectionManagerRequest", "result":"SYNC_SERVER_OK", "context":{"environment":"Prod_southindia_prod-s01-004-apac-southindia", "migrationStage":"NotStarted", "server":"akswtt103000013"}}
{"logTime": "0410/113231", "correlationVector":"scaflIREJlhCLS/BXJZ5MZ.2","action":"ProcessGetUpdates", "result":"Done", "context":{"dataType":"History", "deleted":"0", "process_failed_to_decrypt":"0", "process_pending_decryption":"0", "process_success":"250", "total":"250"}}
{"logTime": "0410/113231", "correlationVector":"scaflIREJlhCLS/BXJZ5MZ.3","action":"GetUpdates Response", "result":"Success", "context":Received 250 update(s). cV=scaflIREJlhCLS/BXJZ5MZ.0;server=akswtt103000013;cloudType=Consumer;environment=Prod_southindia_prod-s01-004-apac-southindia;migrationStage=NotStarted Some updates remain.}
{"logTime": "0410/113231", "correlationVector":"lz6XO4UGvust6rFAJXzkz3","action":"Initial GetUpdates", "result":"", "context":Reason: NEWLY_SUPPORTED_DATATYPE. cV=lz6XO4UGvust6rFAJXzkz3}
{"logTime": "0410/113232", "correlationVector":"lz6XO4UGvust6rFAJXzkz3.1","action":"SyncServerConnectionManagerRequest", "result":"SYNC_SERVER_OK", "context":{"environment":"Prod_southindia_prod-s01-004-apac-southindia", "migrationStage":"NotStarted", "server":"akswtt10300001q"}}
{"logTime": "0410/113232", "correlationVector":"lz6XO4UGvust6rFAJXzkz3.2","action":"ProcessGetUpdates", "result":"Done", "context":{"dataType":"History", "deleted":"0", "process_failed_to_decrypt":"0", "process_pending_decryption":"0", "process_success":"250", "total":"250"}}
{"logTime": "0410/113232", "correlationVector":"lz6XO4UGvust6rFAJXzkz3.3","action":"GetUpdates Response", "result":"Success", "context":Received 250 update(s). cV=lz6XO4UGvust6rFAJXzkz3.0;server=akswtt10300001q;cloudType=Consumer;environment=Prod_southindia_prod-s01-004-apac-southindia;migrationStage=NotStarted Some updates remain.}
{"logTime": "0410/113232", "correlationVector":"eRa7hs9r70f8lu4Nsl3RSh","action":"Initial GetUpdates", "result":"", "context":Reason: NEWLY_SUPPORTED_DATATYPE. cV=eRa7hs9r70f8lu4Nsl3RSh}
{"logTime": "0410/113233", "correlationVector":"eRa7hs9r70f8lu4Nsl3RSh.1","action":"SyncServerConnectionManagerRequest", "result":"SYNC_SERVER_OK", "context":{"environment":"Prod_southindia_prod-s01-004-apac-southindia", "migrationStage":"NotStarted", "server":"akswtt10300001c"}}
{"logTime": "0410/113233", "correlationVector":"eRa7hs9r70f8lu4Nsl3RSh.2","action":"ProcessGetUpdates", "result":"Done", "context":{"dataType":"History", "deleted":"0", "process_failed_to_decrypt":"0", "process_pending_decryption":"0", "process_success":"250", "total":"250"}}
{"logTime": "0410/113233", "correlationVector":"eRa7hs9r70f8lu4Nsl3RSh.3","action":"GetUpdates Response", "result":"Success", "context":Received 250 update(s). cV=eRa7hs9r70f8lu4Nsl3RSh.0;server=akswtt10300001c;cloudType=Consumer;environment=Prod_southindia_prod-s01-004-apac-southindia;migrationStage=NotStarted Some updates remain.}
{"logTime": "0410/113233", "correlationVector":"O9wiWdMK53IVqKJ8On9iMf","action":"Initial GetUpdates", "result":"", "context":Reason: NEWLY_SUPPORTED_DATATYPE. cV=O9wiWdMK53IVqKJ8On9iMf}
{"logTime": "0410/113234", "correlationVector":"O9wiWdMK53IVqKJ8On9iMf.1","action":"SyncServerConnectionManagerRequest", "result":"SYNC_SERVER_OK", "context":{"environment":"Prod_southindia_prod-s01-004-apac-southindia", "migrationStage":"NotStarted", "server":"akswtt10300000b"}}
{"logTime": "0410/113234", "correlationVector":"O9wiWdMK53IVqKJ8On9iMf.2","action":"ProcessGetUpdates", "result":"Done", "context":{"dataType":"History", "deleted":"0", "process_failed_to_decrypt":"0", "process_pending_decryption":"0", "process_success":"250", "total":"250"}}
{"logTime": "0410/113234", "correlationVector":"O9wiWdMK53IVqKJ8On9iMf.3","action":"GetUpdates Response", "result":"Success", "context":Received 250 update(s). cV=O9wiWdMK53IVqKJ8On9iMf.0;server=akswtt10300000b;cloudType=Consumer;environment=Prod_southindia_prod-s01-004-apac-southindia;migrationStage=NotStarted Some updates remain.}
{"logTime": "0410/113234", "correlationVector":"scKUzvqUWooRv8S0qi8rGu","action":"Initial GetUpdates", "result":"", "context":Reason: NEWLY_SUPPORTED_DATATYPE. cV=scKUzvqUWooRv8S0qi8rGu}
{"logTime": "0410/113236", "correlationVector":"scKUzvqUWooRv8S0qi8rGu.1","action":"SyncServerConnectionManagerRequest", "result":"SYNC_SERVER_OK", "context":{"environment":"Prod_southindia_prod-s01-004-apac-southindia", "migrationStage":"NotStarted", "server":"akswtt10300001i"}}
{"logTime": "0410/113236", "correlationVector":"scKUzvqUWooRv8S0qi8rGu.2","action":"ProcessGetUpdates", "result":"Done", "context":{"dataType":"History", "deleted":"0", "process_failed_to_decrypt":"0", "process_pending_decryption":"0", "process_success":"250", "total":"250"}}
{"logTime": "0410/113236", "correlationVector":"scKUzvqUWooRv8S0qi8rGu.3","action":"GetUpdates Response", "result":"Success", "context":Received 250 update(s). cV=scKUzvqUWooRv8S0qi8rGu.0;server=akswtt10300001i;cloudType=Consumer;environment=Prod_southindia_prod-s01-004-apac-southindia;migrationStage=NotStarted Some updates remain.}
{"logTime": "0410/113236", "correlationVector":"H6cJqS4SeZqcE7ZGNopvKX","action":"Initial GetUpdates", "result":"", "context":Reason: NEWLY_SUPPORTED_DATATYPE. cV=H6cJqS4SeZqcE7ZGNopvKX}
{"logTime": "0410/113237", "correlationVector":"H6cJqS4SeZqcE7ZGNopvKX.1","action":"SyncServerConnectionManagerRequest", "result":"SYNC_SERVER_OK", "context":{"environment":"Prod_southindia_prod-s01-004-apac-southindia", "migrationStage":"NotStarted", "server":"akswtt103000013"}}
{"logTime": "0410/113237", "correlationVector":"H6cJqS4SeZqcE7ZGNopvKX.2","action":"ProcessGetUpdates", "result":"Done", "context":{"dataType":"History", "deleted":"0", "process_failed_to_decrypt":"0", "process_pending_decryption":"0", "process_success":"250", "total":"250"}}
{"logTime": "0410/113237", "correlationVector":"H6cJqS4SeZqcE7ZGNopvKX.3","action":"GetUpdates Response", "result":"Success", "context":Received 250 update(s). cV=H6cJqS4SeZqcE7ZGNopvKX.0;server=akswtt103000013;cloudType=Consumer;environment=Prod_southindia_prod-s01-004-apac-southindia;migrationStage=NotStarted Some updates remain.}
{"logTime": "0410/113237", "correlationVector":"3uwrsw3KOjoVQiMkVo+bHm","action":"Initial GetUpdates", "result":"", "context":Reason: NEWLY_SUPPORTED_DATATYPE. cV=3uwrsw3KOjoVQiMkVo+bHm}
{"logTime": "0410/113238", "correlationVector":"3uwrsw3KOjoVQiMkVo+bHm.1","action":"SyncServerConnectionManagerRequest", "result":"SYNC_SERVER_OK", "context":{"environment":"Prod_southindia_prod-s01-004-apac-southindia", "migrationStage":"NotStarted", "server":"akswtt10300001c"}}
{"logTime": "0410/113238", "correlationVector":"3uwrsw3KOjoVQiMkVo+bHm.2","action":"ProcessGetUpdates", "result":"Done", "context":{"dataType":"History", "deleted":"0", "process_failed_to_decrypt":"0", "process_pending_decryption":"0", "process_success":"250", "total":"250"}}
{"logTime": "0410/113238", "correlationVector":"3uwrsw3KOjoVQiMkVo+bHm.3","action":"GetUpdates Response", "result":"Success", "context":Received 250 update(s). cV=3uwrsw3KOjoVQiMkVo+bHm.0;server=akswtt10300001c;cloudType=Consumer;environment=Prod_southindia_prod-s01-004-apac-southindia;migrationStage=NotStarted Some updates remain.}
{"logTime": "0410/113238", "correlationVector":"R0JPfwZVoU9tPodRaATVOY","action":"Initial GetUpdates", "result":"", "context":Reason: NEWLY_SUPPORTED_DATATYPE. cV=R0JPfwZVoU9tPodRaATVOY}
{"logTime": "0410/113239", "correlationVector":"R0JPfwZVoU9tPodRaATVOY.1","action":"SyncServerConnectionManagerRequest", "result":"SYNC_SERVER_OK", "context":{"environment":"Prod_southindia_prod-s01-004-apac-southindia", "migrationStage":"NotStarted", "server":"akswtt10300001j"}}
{"logTime": "0410/113239", "correlationVector":"R0JPfwZVoU9tPodRaATVOY.2","action":"ProcessGetUpdates", "result":"Done", "context":{"dataType":"History", "deleted":"0", "process_failed_to_decrypt":"0", "process_pending_decryption":"0", "process_success":"250", "total":"250"}}
{"logTime": "0410/113239", "correlationVector":"R0JPfwZVoU9tPodRaATVOY.3","action":"GetUpdates Response", "result":"Success", "context":Received 250 update(s). cV=R0JPfwZVoU9tPodRaATVOY.0;server=akswtt10300001j;cloudType=Consumer;environment=Prod_southindia_prod-s01-004-apac-southindia;migrationStage=NotStarted Some updates remain.}
{"logTime": "0410/113239", "correlationVector":"qqGJUQZ+NxrICHvrvHAU1S","action":"Initial GetUpdates", "result":"", "context":Reason: NEWLY_SUPPORTED_DATATYPE. cV=qqGJUQZ+NxrICHvrvHAU1S}
{"logTime": "0410/113241", "correlationVector":"qqGJUQZ+NxrICHvrvHAU1S.1","action":"SyncServerConnectionManagerRequest", "result":"SYNC_SERVER_OK", "context":{"environment":"Prod_southindia_prod-s01-004-apac-southindia", "migrationStage":"NotStarted", "server":"akswtt10300001h"}}
{"logTime": "0410/113241", "correlationVector":"qqGJUQZ+NxrICHvrvHAU1S.2","action":"ProcessGetUpdates", "result":"Done", "context":{"dataType":"History", "deleted":"0", "process_failed_to_decrypt":"0", "process_pending_decryption":"0", "process_success":"250", "total":"250"}}
{"logTime": "0410/113241", "correlationVector":"qqGJUQZ+NxrICHvrvHAU1S.3","action":"GetUpdates Response", "result":"Success", "context":Received 250 update(s). cV=qqGJUQZ+NxrICHvrvHAU1S.0;server=akswtt10300001h;cloudType=Consumer;environment=Prod_southindia_prod-s01-004-apac-southindia;migrationStage=NotStarted Some updates remain.}
{"logTime": "0410/113241", "correlationVector":"cyUA44Jn6kRb2pUqijkDHL","action":"Initial GetUpdates", "result":"", "context":Reason: NEWLY_SUPPORTED_DATATYPE. cV=cyUA44Jn6kRb2pUqijkDHL}
{"logTime": "0410/113242", "correlationVector":"cyUA44Jn6kRb2pUqijkDHL.1","action":"SyncServerConnectionManagerRequest", "result":"SYNC_SERVER_OK", "context":{"environment":"Prod_southindia_prod-s01-004-apac-southindia", "migrationStage":"NotStarted", "server":"akswtt10300000c"}}
{"logTime": "0410/113242", "correlationVector":"cyUA44Jn6kRb2pUqijkDHL.2","action":"ProcessGetUpdates", "result":"Done", "context":{"dataType":"History", "deleted":"0", "process_failed_to_decrypt":"0", "process_pending_decryption":"0", "process_success":"250", "total":"250"}}
{"logTime": "0410/113242", "correlationVector":"cyUA44Jn6kRb2pUqijkDHL.3","action":"GetUpdates Response", "result":"Success", "context":Received 250 update(s). cV=cyUA44Jn6kRb2pUqijkDHL.0;server=akswtt10300000c;cloudType=Consumer;environment=Prod_southindia_prod-s01-004-apac-southindia;migrationStage=NotStarted Some updates remain.}
{"logTime": "0410/113242", "correlationVector":"Lp/aKEipyyRnlvpO/z/H8q","action":"Initial GetUpdates", "result":"", "context":Reason: NEWLY_SUPPORTED_DATATYPE. cV=Lp/aKEipyyRnlvpO/z/H8q}
{"logTime": "0410/113243", "correlationVector":"Lp/aKEipyyRnlvpO/z/H8q.1","action":"SyncServerConnectionManagerRequest", "result":"SYNC_SERVER_OK", "context":{"environment":"Prod_southindia_prod-s01-004-apac-southindia", "migrationStage":"NotStarted", "server":"akswtt10300000r"}}
{"logTime": "0410/113243", "correlationVector":"Lp/aKEipyyRnlvpO/z/H8q.2","action":"ProcessGetUpdates", "result":"Done", "context":{"dataType":"History", "deleted":"0", "process_failed_to_decrypt":"0", "process_pending_decryption":"0", "process_success":"250", "total":"250"}}
{"logTime": "0410/113243", "correlationVector":"Lp/aKEipyyRnlvpO/z/H8q.3","action":"GetUpdates Response", "result":"Success", "context":Received 250 update(s). cV=Lp/aKEipyyRnlvpO/z/H8q.0;server=akswtt10300000r;cloudType=Consumer;environment=Prod_southindia_prod-s01-004-apac-southindia;migrationStage=NotStarted Some updates remain.}
{"logTime": "0410/113243", "correlationVector":"Obs/TcpnfOG9UxzLQSDs4j","action":"Initial GetUpdates", "result":"", "context":Reason: NEWLY_SUPPORTED_DATATYPE. cV=Obs/TcpnfOG9UxzLQSDs4j}
{"logTime": "0410/113244", "correlationVector":"Obs/TcpnfOG9UxzLQSDs4j.1","action":"SyncServerConnectionManagerRequest", "result":"SYNC_SERVER_OK", "context":{"environment":"Prod_southindia_prod-s01-004-apac-southindia", "migrationStage":"NotStarted", "server":"akswtt10300001l"}}
{"logTime": "0410/113244", "correlationVector":"Obs/TcpnfOG9UxzLQSDs4j.2","action":"ProcessGetUpdates", "result":"Done", "context":{"dataType":"History", "deleted":"0", "process_failed_to_decrypt":"0", "process_pending_decryption":"0", "process_success":"250", "total":"250"}}
{"logTime": "0410/113244", "correlationVector":"Obs/TcpnfOG9UxzLQSDs4j.3","action":"GetUpdates Response", "result":"Success", "context":Received 250 update(s). cV=Obs/TcpnfOG9UxzLQSDs4j.0;server=akswtt10300001l;cloudType=Consumer;environment=Prod_southindia_prod-s01-004-apac-southindia;migrationStage=NotStarted Some updates remain.}
{"logTime": "0410/113244", "correlationVector":"4LjVSqpx6BAXkzIQW2OSH9","action":"Initial GetUpdates", "result":"", "context":Reason: NEWLY_SUPPORTED_DATATYPE. cV=4LjVSqpx6BAXkzIQW2OSH9}
{"logTime": "0410/113245", "correlationVector":"4LjVSqpx6BAXkzIQW2OSH9.1","action":"SyncServerConnectionManagerRequest", "result":"SYNC_SERVER_OK", "context":{"environment":"Prod_southindia_prod-s01-004-apac-southindia", "migrationStage":"NotStarted", "server":"akswtt10300001w"}}
{"logTime": "0410/113245", "correlationVector":"4LjVSqpx6BAXkzIQW2OSH9.2","action":"ProcessGetUpdates", "result":"Done", "context":{"dataType":"History", "deleted":"0", "process_failed_to_decrypt":"0", "process_pending_decryption":"0", "process_success":"250", "total":"250"}}
{"logTime": "0410/113245", "correlationVector":"4LjVSqpx6BAXkzIQW2OSH9.3","action":"GetUpdates Response", "result":"Success", "context":Received 250 update(s). cV=4LjVSqpx6BAXkzIQW2OSH9.0;server=akswtt10300001w;cloudType=Consumer;environment=Prod_southindia_prod-s01-004-apac-southindia;migrationStage=NotStarted Some updates remain.}
{"logTime": "0410/113245", "correlationVector":"VHk7EYVxYHaRik/cMR4617","action":"Initial GetUpdates", "result":"", "context":Reason: NEWLY_SUPPORTED_DATATYPE. cV=VHk7EYVxYHaRik/cMR4617}
{"logTime": "0410/113246", "correlationVector":"VHk7EYVxYHaRik/cMR4617.1","action":"SyncServerConnectionManagerRequest", "result":"SYNC_SERVER_OK", "context":{"environment":"Prod_southindia_prod-s01-004-apac-southindia", "migrationStage":"NotStarted", "server":"akswtt10300001i"}}
{"logTime": "0410/113246", "correlationVector":"VHk7EYVxYHaRik/cMR4617.2","action":"ProcessGetUpdates", "result":"Done", "context":{"dataType":"History", "deleted":"0", "process_failed_to_decrypt":"0", "process_pending_decryption":"0", "process_success":"250", "total":"250"}}
{"logTime": "0410/113246", "correlationVector":"VHk7EYVxYHaRik/cMR4617.3","action":"GetUpdates Response", "result":"Success", "context":Received 250 update(s). cV=VHk7EYVxYHaRik/cMR4617.0;server=akswtt10300001i;cloudType=Consumer;environment=Prod_southindia_prod-s01-004-apac-southindia;migrationStage=NotStarted Some updates remain.}
{"logTime": "0410/113246", "correlationVector":"5iKKZIY7BjRJmmyRunxghZ","action":"Initial GetUpdates", "result":"", "context":Reason: NEWLY_SUPPORTED_DATATYPE. cV=5iKKZIY7BjRJmmyRunxghZ}
{"logTime": "0410/113247", "correlationVector":"5iKKZIY7BjRJmmyRunxghZ.1","action":"SyncServerConnectionManagerRequest", "result":"SYNC_SERVER_OK", "context":{"environment":"Prod_southindia_prod-s01-004-apac-southindia", "migrationStage":"NotStarted", "server":"akswtt10300000v"}}
{"logTime": "0410/113247", "correlationVector":"5iKKZIY7BjRJmmyRunxghZ.2","action":"ProcessGetUpdates", "result":"Done", "context":{"dataType":"History", "deleted":"0", "process_failed_to_decrypt":"0", "process_pending_decryption":"0", "process_success":"250", "total":"250"}}
{"logTime": "0410/113247", "correlationVector":"5iKKZIY7BjRJmmyRunxghZ.3","action":"GetUpdates Response", "result":"Success", "context":Received 250 update(s). cV=5iKKZIY7BjRJmmyRunxghZ.0;server=akswtt10300000v;cloudType=Consumer;environment=Prod_southindia_prod-s01-004-apac-southindia;migrationStage=NotStarted Some updates remain.}
{"logTime": "0410/113247", "correlationVector":"+FYt5simvZ+CEkK+0BvdLM","action":"Initial GetUpdates", "result":"", "context":Reason: NEWLY_SUPPORTED_DATATYPE. cV=+FYt5simvZ+CEkK+0BvdLM}
{"logTime": "0410/113248", "correlationVector":"+FYt5simvZ+CEkK+0BvdLM.1","action":"SyncServerConnectionManagerRequest", "result":"SYNC_SERVER_OK", "context":{"environment":"Prod_southindia_prod-s01-004-apac-southindia", "migrationStage":"NotStarted", "server":"akswtt103000017"}}
{"logTime": "0410/113248", "correlationVector":"+FYt5simvZ+CEkK+0BvdLM.2","action":"ProcessGetUpdates", "result":"Done", "context":{"dataType":"History", "deleted":"0", "process_failed_to_decrypt":"0", "process_pending_decryption":"0", "process_success":"250", "total":"250"}}
{"logTime": "0410/113248", "correlationVector":"+FYt5simvZ+CEkK+0BvdLM.3","action":"GetUpdates Response", "result":"Success", "context":Received 250 update(s). cV=+FYt5simvZ+CEkK+0BvdLM.0;server=akswtt103000017;cloudType=Consumer;environment=Prod_southindia_prod-s01-004-apac-southindia;migrationStage=NotStarted Some updates remain.}
{"logTime": "0410/113248", "correlationVector":"eqz8U33+W5hZA13RRnwQoZ","action":"Initial GetUpdates", "result":"", "context":Reason: NEWLY_SUPPORTED_DATATYPE. cV=eqz8U33+W5hZA13RRnwQoZ}
{"logTime": "0410/113250", "correlationVector":"eqz8U33+W5hZA13RRnwQoZ.1","action":"SyncServerConnectionManagerRequest", "result":"SYNC_SERVER_OK", "context":{"environment":"Prod_southindia_prod-s01-004-apac-southindia", "migrationStage":"NotStarted", "server":"akswtt10300000f"}}
{"logTime": "0410/113250", "correlationVector":"eqz8U33+W5hZA13RRnwQoZ.2","action":"ProcessGetUpdates", "result":"Done", "context":{"dataType":"History", "deleted":"0", "process_failed_to_decrypt":"0", "process_pending_decryption":"0", "process_success":"250", "total":"250"}}
{"logTime": "0410/113250", "correlationVector":"eqz8U33+W5hZA13RRnwQoZ.3","action":"GetUpdates Response", "result":"Success", "context":Received 250 update(s). cV=eqz8U33+W5hZA13RRnwQoZ.0;server=akswtt10300000f;cloudType=Consumer;environment=Prod_southindia_prod-s01-004-apac-southindia;migrationStage=NotStarted Some updates remain.}
{"logTime": "0410/113250", "correlationVector":"VUx9iDa4NPWLV0soVzjOrI","action":"Initial GetUpdates", "result":"", "context":Reason: NEWLY_SUPPORTED_DATATYPE. cV=VUx9iDa4NPWLV0soVzjOrI}
{"logTime": "0410/113251", "correlationVector":"VUx9iDa4NPWLV0soVzjOrI.1","action":"SyncServerConnectionManagerRequest", "result":"SYNC_SERVER_OK", "context":{"environment":"Prod_southindia_prod-s01-004-apac-southindia", "migrationStage":"NotStarted", "server":"akswtt103000013"}}
{"logTime": "0410/113251", "correlationVector":"VUx9iDa4NPWLV0soVzjOrI.2","action":"ProcessGetUpdates", "result":"Done", "context":{"dataType":"History", "deleted":"0", "process_failed_to_decrypt":"0", "process_pending_decryption":"0", "process_success":"250", "total":"250"}}
{"logTime": "0410/113251", "correlationVector":"VUx9iDa4NPWLV0soVzjOrI.3","action":"GetUpdates Response", "result":"Success", "context":Received 250 update(s). cV=VUx9iDa4NPWLV0soVzjOrI.0;server=akswtt103000013;cloudType=Consumer;environment=Prod_southindia_prod-s01-004-apac-southindia;migrationStage=NotStarted Some updates remain.}
{"logTime": "0410/113251", "correlationVector":"kftEVfFH64xpKXkCvwAb2O","action":"Initial GetUpdates", "result":"", "context":Reason: NEWLY_SUPPORTED_DATATYPE. cV=kftEVfFH64xpKXkCvwAb2O}
{"logTime": "0410/113252", "correlationVector":"kftEVfFH64xpKXkCvwAb2O.1","action":"SyncServerConnectionManagerRequest", "result":"SYNC_SERVER_OK", "context":{"environment":"Prod_southindia_prod-s01-004-apac-southindia", "migrationStage":"NotStarted", "server":"akswtt10300001h"}}
{"logTime": "0410/113252", "correlationVector":"kftEVfFH64xpKXkCvwAb2O.2","action":"ProcessGetUpdates", "result":"Done", "context":{"dataType":"History", "deleted":"0", "process_failed_to_decrypt":"0", "process_pending_decryption":"0", "process_success":"250", "total":"250"}}
{"logTime": "0410/113252", "correlationVector":"kftEVfFH64xpKXkCvwAb2O.3","action":"GetUpdates Response", "result":"Success", "context":Received 250 update(s). cV=kftEVfFH64xpKXkCvwAb2O.0;server=akswtt10300001h;cloudType=Consumer;environment=Prod_southindia_prod-s01-004-apac-southindia;migrationStage=NotStarted Some updates remain.}
{"logTime": "0410/113252", "correlationVector":"w4+q78e579samxCyrj6X0P","action":"Initial GetUpdates", "result":"", "context":Reason: NEWLY_SUPPORTED_DATATYPE. cV=w4+q78e579samxCyrj6X0P}
{"logTime": "0410/113254", "correlationVector":"w4+q78e579samxCyrj6X0P.1","action":"SyncServerConnectionManagerRequest", "result":"SYNC_SERVER_OK", "context":{"environment":"Prod_southindia_prod-s01-004-apac-southindia", "migrationStage":"NotStarted", "server":"akswtt10300000f"}}
{"logTime": "0410/113254", "correlationVector":"w4+q78e579samxCyrj6X0P.2","action":"ProcessGetUpdates", "result":"Done", "context":{"dataType":"History", "deleted":"0", "process_failed_to_decrypt":"0", "process_pending_decryption":"0", "process_success":"250", "total":"250"}}
{"logTime": "0410/113254", "correlationVector":"w4+q78e579samxCyrj6X0P.3","action":"GetUpdates Response", "result":"Success", "context":Received 250 update(s). cV=w4+q78e579samxCyrj6X0P.0;server=akswtt10300000f;cloudType=Consumer;environment=Prod_southindia_prod-s01-004-apac-southindia;migrationStage=NotStarted Some updates remain.}
{"logTime": "0410/113254", "correlationVector":"Rhkw9VcJLVxPHtCcN8rJQm","action":"Initial GetUpdates", "result":"", "context":Reason: NEWLY_SUPPORTED_DATATYPE. cV=Rhkw9VcJLVxPHtCcN8rJQm}
{"logTime": "0410/113255", "correlationVector":"Rhkw9VcJLVxPHtCcN8rJQm.1","action":"SyncServerConnectionManagerRequest", "result":"SYNC_SERVER_OK", "context":{"environment":"Prod_southindia_prod-s01-004-apac-southindia", "migrationStage":"NotStarted", "server":"akswtt103000010"}}
{"logTime": "0410/113255", "correlationVector":"Rhkw9VcJLVxPHtCcN8rJQm.2","action":"ProcessGetUpdates", "result":"Done", "context":{"dataType":"History", "deleted":"0", "process_failed_to_decrypt":"0", "process_pending_decryption":"0", "process_success":"250", "total":"250"}}
{"logTime": "0410/113255", "correlationVector":"Rhkw9VcJLVxPHtCcN8rJQm.3","action":"GetUpdates Response", "result":"Success", "context":Received 250 update(s). cV=Rhkw9VcJLVxPHtCcN8rJQm.0;server=akswtt103000010;cloudType=Consumer;environment=Prod_southindia_prod-s01-004-apac-southindia;migrationStage=NotStarted Some updates remain.}
{"logTime": "0410/113255", "correlationVector":"m4gLMb7Ee6+rA4bQ6bZkXD","action":"Initial GetUpdates", "result":"", "context":Reason: NEWLY_SUPPORTED_DATATYPE. cV=m4gLMb7Ee6+rA4bQ6bZkXD}
{"logTime": "0410/113256", "correlationVector":"m4gLMb7Ee6+rA4bQ6bZkXD.1","action":"SyncServerConnectionManagerRequest", "result":"SYNC_SERVER_OK", "context":{"environment":"Prod_southindia_prod-s01-004-apac-southindia", "migrationStage":"NotStarted", "server":"akswtt10300001i"}}
{"logTime": "0410/113256", "correlationVector":"m4gLMb7Ee6+rA4bQ6bZkXD.2","action":"ProcessGetUpdates", "result":"Done", "context":{"dataType":"History", "deleted":"0", "process_failed_to_decrypt":"0", "process_pending_decryption":"0", "process_success":"250", "total":"250"}}
{"logTime": "0410/113256", "correlationVector":"m4gLMb7Ee6+rA4bQ6bZkXD.3","action":"GetUpdates Response", "result":"Success", "context":Received 250 update(s). cV=m4gLMb7Ee6+rA4bQ6bZkXD.0;server=akswtt10300001i;cloudType=Consumer;environment=Prod_southindia_prod-s01-004-apac-southindia;migrationStage=NotStarted Some updates remain.}
{"logTime": "0410/113256", "correlationVector":"G0OiyoxZI99HlkPW/4DLzx","action":"Initial GetUpdates", "result":"", "context":Reason: NEWLY_SUPPORTED_DATATYPE. cV=G0OiyoxZI99HlkPW/4DLzx}
{"logTime": "0410/113258", "correlationVector":"G0OiyoxZI99HlkPW/4DLzx.1","action":"SyncServerConnectionManagerRequest", "result":"SYNC_SERVER_OK", "context":{"environment":"Prod_southindia_prod-s01-004-apac-southindia", "migrationStage":"NotStarted", "server":"akswtt10300000c"}}
{"logTime": "0410/113258", "correlationVector":"G0OiyoxZI99HlkPW/4DLzx.2","action":"ProcessGetUpdates", "result":"Done", "context":{"dataType":"History", "deleted":"0", "process_failed_to_decrypt":"0", "process_pending_decryption":"0", "process_success":"250", "total":"250"}}
{"logTime": "0410/113258", "correlationVector":"G0OiyoxZI99HlkPW/4DLzx.3","action":"GetUpdates Response", "result":"Success", "context":Received 250 update(s). cV=G0OiyoxZI99HlkPW/4DLzx.0;server=akswtt10300000c;cloudType=Consumer;environment=Prod_southindia_prod-s01-004-apac-southindia;migrationStage=NotStarted Some updates remain.}
{"logTime": "0410/113258", "correlationVector":"cY5KpxQ2ioLyS4KHJg/ct+","action":"Initial GetUpdates", "result":"", "context":Reason: NEWLY_SUPPORTED_DATATYPE. cV=cY5KpxQ2ioLyS4KHJg/ct+}
{"logTime": "0410/113259", "correlationVector":"cY5KpxQ2ioLyS4KHJg/ct+.1","action":"SyncServerConnectionManagerRequest", "result":"SYNC_SERVER_OK", "context":{"environment":"Prod_southindia_prod-s01-004-apac-southindia", "migrationStage":"NotStarted", "server":"akswtt103000013"}}
{"logTime": "0410/113259", "correlationVector":"cY5KpxQ2ioLyS4KHJg/ct+.2","action":"ProcessGetUpdates", "result":"Done", "context":{"dataType":"History", "deleted":"0", "process_failed_to_decrypt":"0", "process_pending_decryption":"0", "process_success":"250", "total":"250"}}
{"logTime": "0410/113259", "correlationVector":"cY5KpxQ2ioLyS4KHJg/ct+.3","action":"GetUpdates Response", "result":"Success", "context":Received 250 update(s). cV=cY5KpxQ2ioLyS4KHJg/ct+.0;server=akswtt103000013;cloudType=Consumer;environment=Prod_southindia_prod-s01-004-apac-southindia;migrationStage=NotStarted Some updates remain.}
{"logTime": "0410/113259", "correlationVector":"0iIyAipgg8dFjnogEv49+8","action":"Initial GetUpdates", "result":"", "context":Reason: NEWLY_SUPPORTED_DATATYPE. cV=0iIyAipgg8dFjnogEv49+8}
{"logTime": "0410/113301", "correlationVector":"0iIyAipgg8dFjnogEv49+8.1","action":"SyncServerConnectionManagerRequest", "result":"SYNC_SERVER_OK", "context":{"environment":"Prod_southindia_prod-s01-004-apac-southindia", "migrationStage":"NotStarted", "server":"akswtt10300000q"}}
{"logTime": "0410/113301", "correlationVector":"0iIyAipgg8dFjnogEv49+8.2","action":"ProcessGetUpdates", "result":"Done", "context":{"dataType":"History", "deleted":"0", "process_failed_to_decrypt":"0", "process_pending_decryption":"0", "process_success":"250", "total":"250"}}
{"logTime": "0410/113301", "correlationVector":"0iIyAipgg8dFjnogEv49+8.3","action":"GetUpdates Response", "result":"Success", "context":Received 250 update(s). cV=0iIyAipgg8dFjnogEv49+8.0;server=akswtt10300000q;cloudType=Consumer;environment=Prod_southindia_prod-s01-004-apac-southindia;migrationStage=NotStarted Some updates remain.}
{"logTime": "0410/113301", "correlationVector":"EuytxpNlsjY8W2O8ZP9n76","action":"Initial GetUpdates", "result":"", "context":Reason: NEWLY_SUPPORTED_DATATYPE. cV=EuytxpNlsjY8W2O8ZP9n76}
{"logTime": "0410/113302", "correlationVector":"EuytxpNlsjY8W2O8ZP9n76.1","action":"SyncServerConnectionManagerRequest", "result":"SYNC_SERVER_OK", "context":{"environment":"Prod_southindia_prod-s01-004-apac-southindia", "migrationStage":"NotStarted", "server":"akswtt103000003"}}
{"logTime": "0410/113302", "correlationVector":"EuytxpNlsjY8W2O8ZP9n76.2","action":"ProcessGetUpdates", "result":"Done", "context":{"dataType":"History", "deleted":"0", "process_failed_to_decrypt":"0", "process_pending_decryption":"0", "process_success":"154", "total":"154"}}
{"logTime": "0410/113302", "correlationVector":"EuytxpNlsjY8W2O8ZP9n76.3","action":"GetUpdates Response", "result":"Success", "context":Received 154 update(s). cV=EuytxpNlsjY8W2O8ZP9n76.0;server=akswtt103000003;cloudType=Consumer;environment=Prod_southindia_prod-s01-004-apac-southindia;migrationStage=NotStarted}
{"logTime": "0410/113302", "correlationVector":"ZGKiuATJw/ptNAjNcrNVA9","action":"Normal GetUpdate request", "result":"", "context":cV=ZGKiuATJw/ptNAjNcrNVA9
Nudged types: Preferences, Passwords, Sessions, Device Info, User Consents
Refresh requested types: Bookmarks, Preferences, Passwords, Autofill Profiles, Autofill, Extensions, Sessions, Extension settings, History Delete Directives, Device Info, User Consents, Send Tab To Self, Web Apps, History, Saved Tab Group, WebAuthn Credentials, Collection, Edge E Drop, Edge Hub App Usage, Edge Wallet, Edge Workspace, Encryption Keys}
{"logTime": "0410/113302", "correlationVector":"ZGKiuATJw/ptNAjNcrNVA9.1","action":"SyncServerConnectionManagerRequest", "result":"SYNC_SERVER_OK", "context":{"environment":"Prod_southindia_prod-s01-004-apac-southindia", "migrationStage":"NotStarted", "server":"akswtt103000007"}}
{"logTime": "0410/113302", "correlationVector":"ZGKiuATJw/ptNAjNcrNVA9.2","action":"GetUpdates Response", "result":"Success", "context":Received 0 update(s). cV=ZGKiuATJw/ptNAjNcrNVA9.0;server=akswtt103000007;cloudType=Consumer;environment=Prod_southindia_prod-s01-004-apac-southindia;migrationStage=NotStarted}
{"logTime": "0410/113302", "correlationVector":"H1baenWCmELD9D5bGGdO1d","action":"Commit Request", "result":"", "context":Item count: 29
Contributing types: Preferences, Passwords, Sessions, Device Info, User Consents}
{"logTime": "0410/113305", "correlationVector":"H1baenWCmELD9D5bGGdO1d.1","action":"SyncServerConnectionManagerRequest", "result":"SYNC_SERVER_OK", "context":{"environment":"Prod_southindia_prod-s01-004-apac-southindia", "migrationStage":"NotStarted", "server":"akswtt103000013"}}
{"logTime": "0410/113305", "correlationVector":"H1baenWCmELD9D5bGGdO1d.2","action":"Commit Response", "result":"Success", "context":Result: Success. cV=H1baenWCmELD9D5bGGdO1d.0;server=akswtt103000013;cloudType=Consumer;environment=Prod_southindia_prod-s01-004-apac-southindia;migrationStage=NotStarted}
{"logTime": "0410/113308", "correlationVector":"eq/5eVinbtOIBrvBm0Yv6f","action":"Normal GetUpdate request", "result":"", "context":cV=eq/5eVinbtOIBrvBm0Yv6f
Notified types: History}
{"logTime": "0410/113309", "correlationVector":"eq/5eVinbtOIBrvBm0Yv6f.1","action":"SyncServerConnectionManagerRequest", "result":"SYNC_SERVER_OK", "context":{"environment":"Prod_southindia_prod-s01-004-apac-southindia", "migrationStage":"NotStarted", "server":"akswtt10300001c"}}
{"logTime": "0410/113309", "correlationVector":"eq/5eVinbtOIBrvBm0Yv6f.2","action":"ProcessGetUpdates", "result":"Done", "context":{"dataType":"Preferences", "deleted":"0", "process_failed_to_decrypt":"0", "process_pending_decryption":"0", "process_success":"2", "total":"2"}}
{"logTime": "0410/113309", "correlationVector":"eq/5eVinbtOIBrvBm0Yv6f.3","action":"ProcessGetUpdates", "result":"Done", "context":{"dataType":"Passwords", "deleted":"0", "process_failed_to_decrypt":"0", "process_pending_decryption":"0", "process_success":"22", "total":"22"}}
{"logTime": "0410/113309", "correlationVector":"eq/5eVinbtOIBrvBm0Yv6f.4","action":"ProcessGetUpdates", "result":"Done", "context":{"dataType":"Sessions", "deleted":"0", "process_failed_to_decrypt":"0", "process_pending_decryption":"0", "process_success":"6", "total":"6"}}
{"logTime": "0410/113309", "correlationVector":"eq/5eVinbtOIBrvBm0Yv6f.5","action":"ProcessGetUpdates", "result":"Done", "context":{"dataType":"Device Info", "deleted":"0", "process_failed_to_decrypt":"0", "process_pending_decryption":"0", "process_success":"1", "total":"1"}}
{"logTime": "0410/113309", "correlationVector":"eq/5eVinbtOIBrvBm0Yv6f.6","action":"ProcessGetUpdates", "result":"Done", "context":{"dataType":"History", "deleted":"0", "process_failed_to_decrypt":"0", "process_pending_decryption":"0", "process_success":"2", "total":"2"}}
{"logTime": "0410/113309", "correlationVector":"eq/5eVinbtOIBrvBm0Yv6f.7","action":"GetUpdates Response", "result":"Success", "context":Received 33 update(s). cV=eq/5eVinbtOIBrvBm0Yv6f.0;server=akswtt10300001c;cloudType=Consumer;environment=Prod_southindia_prod-s01-004-apac-southindia;migrationStage=NotStarted}
{"logTime": "0410/113309", "correlationVector":"2d1p/6Z6vD1pDc0xoK1stY","action":"DoCompareDataConsistency requsted types: ", "result":"Bookmarks, Preferences, Passwords, Extensions, Extension settings, History Delete Directives, Send Tab To Self, Web Apps, History, Saved Tab Group, WebAuthn Credentials, Collection, Edge E Drop, Edge Wallet, Edge Workspace, Encryption Keys"}
{"logTime": "0410/113309", "correlationVector":"2d1p/6Z6vD1pDc0xoK1stY.0","action":"CompareDataConsistency result: ", "result":"Compare result: Encryption Keys is consistent. local entities count is: 1 local entities hash is: X54Mx55Hbet/8hjXdKX6gH3pJuw="}
{"logTime": "0410/113309", "correlationVector":"2d1p/6Z6vD1pDc0xoK1stY.1","action":"CompareDataConsistency result: ", "result":"Compare result: Bookmarks is consistent. local entities count is: 47 local entities hash is: bY4zda3IyqGcVKMvaOBBbK+o33o="}
{"logTime": "0410/113309", "correlationVector":"2d1p/6Z6vD1pDc0xoK1stY.2","action":"CompareDataConsistency result: ", "result":"Compare result: Preferences is consistent. local entities count is: 100 local entities hash is: 5EWL64odGdu4jkMJgLi21MSYQsk="}
{"logTime": "0410/113309", "correlationVector":"2d1p/6Z6vD1pDc0xoK1stY.3","action":"CompareDataConsistency result: ", "result":"Compare result: Extensions is consistent. local entities count is: 2 local entities hash is: PS4iEUiHKhpnzy6slKKpOGuj55I="}
{"logTime": "0410/113309", "correlationVector":"2d1p/6Z6vD1pDc0xoK1stY.4","action":"CompareDataConsistency result: ", "result":"Compare result: Extension settings is consistent. local entities count is: 0 local entities hash is: "}
{"logTime": "0410/113309", "correlationVector":"2d1p/6Z6vD1pDc0xoK1stY.5","action":"CompareDataConsistency result: ", "result":"Compare result: History Delete Directives is consistent. local entities count is: 0 local entities hash is: "}
{"logTime": "0410/113309", "correlationVector":"2d1p/6Z6vD1pDc0xoK1stY.6","action":"CompareDataConsistency result: ", "result":"Server did not send this Send Tab To Self local entities count is: 0 local entities hash is: "}
{"logTime": "0410/113309", "correlationVector":"2d1p/6Z6vD1pDc0xoK1stY.7","action":"CompareDataConsistency result: ", "result":"Compare result: Web Apps is consistent. local entities count is: 0 local entities hash is: "}
{"logTime": "0410/113309", "correlationVector":"2d1p/6Z6vD1pDc0xoK1stY.8","action":"CompareDataConsistency result: ", "result":"Server did not send this History local entities count is: 0 local entities hash is: "}
{"logTime": "0410/113309", "correlationVector":"2d1p/6Z6vD1pDc0xoK1stY.9","action":"CompareDataConsistency result: ", "result":"Compare result: Saved Tab Group is consistent. local entities count is: 0 local entities hash is: "}
{"logTime": "0410/113309", "correlationVector":"2d1p/6Z6vD1pDc0xoK1stY.10","action":"CompareDataConsistency result: ", "result":"Server did not send this WebAuthn Credentials local entities count is: 0 local entities hash is: "}
{"logTime": "0410/113309", "correlationVector":"2d1p/6Z6vD1pDc0xoK1stY.11","action":"CompareDataConsistency result: ", "result":"Compare result: Collection is consistent. local entities count is: 0 local entities hash is: "}
{"logTime": "0410/113309", "correlationVector":"2d1p/6Z6vD1pDc0xoK1stY.12","action":"CompareDataConsistency result: ", "result":"Compare result: Edge E Drop is consistent. local entities count is: 0 local entities hash is: "}
{"logTime": "0410/113309", "correlationVector":"2d1p/6Z6vD1pDc0xoK1stY.13","action":"CompareDataConsistency result: ", "result":"Compare result: Edge Wallet is consistent. local entities count is: 0 local entities hash is: "}
{"logTime": "0410/113309", "correlationVector":"2d1p/6Z6vD1pDc0xoK1stY.14","action":"CompareDataConsistency result: ", "result":"Server did not send this Edge Workspace local entities count is: 0 local entities hash is: "}
{"logTime": "0410/113309", "correlationVector":"2d1p/6Z6vD1pDc0xoK1stY.15","action":"CompareDataConsistency result: ", "result":"Compare result: Passwords is consistent. local entities count is: 22 local entities hash is: RSch+GqGCNFqBl2WMM897dqbFuQ="}
{"logTime": "0410/113309", "correlationVector":"","action":"DIAGNOSTIC_REQUEST|v1/diagnosticData/Diagnostic.SendCheckResult()|SUCCESS", "result":""}
{"logTime": "0410/113452", "correlationVector":"yu/wUHLGyl0cnQjkDOxXKr","action":"Normal GetUpdate request", "result":"", "context":cV=yu/wUHLGyl0cnQjkDOxXKr
Notified types: History}
{"logTime": "0410/113453", "correlationVector":"yu/wUHLGyl0cnQjkDOxXKr.1","action":"SyncServerConnectionManagerRequest", "result":"SYNC_SERVER_OK", "context":{"environment":"Prod_southindia_prod-s01-004-apac-southindia", "migrationStage":"NotStarted", "server":"akswtt10300000v"}}
{"logTime": "0410/113453", "correlationVector":"yu/wUHLGyl0cnQjkDOxXKr.2","action":"ProcessGetUpdates", "result":"Done", "context":{"dataType":"Sessions", "deleted":"0", "process_failed_to_decrypt":"0", "process_pending_decryption":"0", "process_success":"6", "total":"6"}}
{"logTime": "0410/113453", "correlationVector":"yu/wUHLGyl0cnQjkDOxXKr.3","action":"ProcessGetUpdates", "result":"Done", "context":{"dataType":"History", "deleted":"0", "process_failed_to_decrypt":"0", "process_pending_decryption":"0", "process_success":"11", "total":"11"}}
{"logTime": "0410/113453", "correlationVector":"yu/wUHLGyl0cnQjkDOxXKr.4","action":"GetUpdates Response", "result":"Success", "context":Received 17 update(s). cV=yu/wUHLGyl0cnQjkDOxXKr.0;server=akswtt10300000v;cloudType=Consumer;environment=Prod_southindia_prod-s01-004-apac-southindia;migrationStage=NotStarted}
{"logTime": "0410/113556", "correlationVector":"p1CjAV70CBhaorYAXtDoQZ","action":"Normal GetUpdate request", "result":"", "context":cV=p1CjAV70CBhaorYAXtDoQZ
Notified types: History}
{"logTime": "0410/113556", "correlationVector":"p1CjAV70CBhaorYAXtDoQZ.1","action":"SyncServerConnectionManagerRequest", "result":"SYNC_SERVER_OK", "context":{"environment":"Prod_southindia_prod-s01-004-apac-southindia", "migrationStage":"NotStarted", "server":"akswtt10300001w"}}
{"logTime": "0410/113556", "correlationVector":"p1CjAV70CBhaorYAXtDoQZ.2","action":"ProcessGetUpdates", "result":"Done", "context":{"dataType":"Sessions", "deleted":"0", "process_failed_to_decrypt":"0", "process_pending_decryption":"0", "process_success":"3", "total":"3"}}
{"logTime": "0410/113556", "correlationVector":"p1CjAV70CBhaorYAXtDoQZ.3","action":"ProcessGetUpdates", "result":"Done", "context":{"dataType":"History", "deleted":"0", "process_failed_to_decrypt":"0", "process_pending_decryption":"0", "process_success":"3", "total":"3"}}
{"logTime": "0410/113556", "correlationVector":"p1CjAV70CBhaorYAXtDoQZ.4","action":"GetUpdates Response", "result":"Success", "context":Received 6 update(s). cV=p1CjAV70CBhaorYAXtDoQZ.0;server=akswtt10300001w;cloudType=Consumer;environment=Prod_southindia_prod-s01-004-apac-southindia;migrationStage=NotStarted}
{"logTime": "0410/113826", "correlationVector":"X6b3pf8Cb8vZmnDuEszuk9","action":"Normal GetUpdate request", "result":"", "context":cV=X6b3pf8Cb8vZmnDuEszuk9
Notified types: Autofill, History}
{"logTime": "0410/113827", "correlationVector":"X6b3pf8Cb8vZmnDuEszuk9.1","action":"SyncServerConnectionManagerRequest", "result":"SYNC_SERVER_OK", "context":{"environment":"Prod_southindia_prod-s01-004-apac-southindia", "migrationStage":"NotStarted", "server":"akswtt103000017"}}
{"logTime": "0410/113827", "correlationVector":"X6b3pf8Cb8vZmnDuEszuk9.2","action":"ProcessGetUpdates", "result":"Done", "context":{"dataType":"Autofill", "deleted":"0", "process_failed_to_decrypt":"0", "process_pending_decryption":"0", "process_success":"1", "total":"1"}}
{"logTime": "0410/113827", "correlationVector":"X6b3pf8Cb8vZmnDuEszuk9.3","action":"ProcessGetUpdates", "result":"Done", "context":{"dataType":"Sessions", "deleted":"1", "process_failed_to_decrypt":"0", "process_pending_decryption":"0", "process_success":"7", "total":"7"}}
{"logTime": "0410/113827", "correlationVector":"X6b3pf8Cb8vZmnDuEszuk9.4","action":"ProcessGetUpdates", "result":"Done", "context":{"dataType":"History", "deleted":"0", "process_failed_to_decrypt":"0", "process_pending_decryption":"0", "process_success":"19", "total":"19"}}
{"logTime": "0410/113827", "correlationVector":"X6b3pf8Cb8vZmnDuEszuk9.5","action":"GetUpdates Response", "result":"Success", "context":Received 27 update(s). cV=X6b3pf8Cb8vZmnDuEszuk9.0;server=akswtt103000017;cloudType=Consumer;environment=Prod_southindia_prod-s01-004-apac-southindia;migrationStage=NotStarted}
{"logTime": "0410/113930", "correlationVector":"6jL7ukrFq+skxCLsxs1B9Z","action":"Normal GetUpdate request", "result":"", "context":cV=6jL7ukrFq+skxCLsxs1B9Z
Notified types: History}
{"logTime": "0410/113930", "correlationVector":"6jL7ukrFq+skxCLsxs1B9Z.1","action":"SyncServerConnectionManagerRequest", "result":"SYNC_SERVER_OK", "context":{"environment":"Prod_southindia_prod-s01-004-apac-southindia", "migrationStage":"NotStarted", "server":"akswtt103000000"}}
{"logTime": "0410/113930", "correlationVector":"6jL7ukrFq+skxCLsxs1B9Z.2","action":"ProcessGetUpdates", "result":"Done", "context":{"dataType":"Sessions", "deleted":"0", "process_failed_to_decrypt":"0", "process_pending_decryption":"0", "process_success":"5", "total":"5"}}
{"logTime": "0410/113930", "correlationVector":"6jL7ukrFq+skxCLsxs1B9Z.3","action":"ProcessGetUpdates", "result":"Done", "context":{"dataType":"History", "deleted":"0", "process_failed_to_decrypt":"0", "process_pending_decryption":"0", "process_success":"3", "total":"3"}}
{"logTime": "0410/113930", "correlationVector":"6jL7ukrFq+skxCLsxs1B9Z.4","action":"GetUpdates Response", "result":"Success", "context":Received 8 update(s). cV=6jL7ukrFq+skxCLsxs1B9Z.0;server=akswtt103000000;cloudType=Consumer;environment=Prod_southindia_prod-s01-004-apac-southindia;migrationStage=NotStarted}
{"logTime": "0410/115701", "correlationVector":"Hrr2zNLbISHj+GAafj/3SV","action":"Normal GetUpdate request", "result":"", "context":cV=Hrr2zNLbISHj+GAafj/3SV
Notified types: History}
{"logTime": "0410/115701", "correlationVector":"Hrr2zNLbISHj+GAafj/3SV.1","action":"SyncServerConnectionManagerRequest", "result":"SYNC_SERVER_OK", "context":{"environment":"Prod_southindia_prod-s01-004-apac-southindia", "migrationStage":"NotStarted", "server":"akswtt10300000x"}}
{"logTime": "0410/115701", "correlationVector":"Hrr2zNLbISHj+GAafj/3SV.2","action":"ProcessGetUpdates", "result":"Done", "context":{"dataType":"Sessions", "deleted":"1", "process_failed_to_decrypt":"0", "process_pending_decryption":"0", "process_success":"4", "total":"4"}}
{"logTime": "0410/115701", "correlationVector":"Hrr2zNLbISHj+GAafj/3SV.3","action":"ProcessGetUpdates", "result":"Done", "context":{"dataType":"History", "deleted":"0", "process_failed_to_decrypt":"0", "process_pending_decryption":"0", "process_success":"1", "total":"1"}}
{"logTime": "0410/115701", "correlationVector":"Hrr2zNLbISHj+GAafj/3SV.4","action":"GetUpdates Response", "result":"Success", "context":Received 5 update(s). cV=Hrr2zNLbISHj+GAafj/3SV.0;server=akswtt10300000x;cloudType=Consumer;environment=Prod_southindia_prod-s01-004-apac-southindia;migrationStage=NotStarted}
{"logTime": "0410/115736", "correlationVector":"OGSvrzcl4we2v3pWIgIqFB","action":"Normal GetUpdate request", "result":"", "context":cV=OGSvrzcl4we2v3pWIgIqFB
Notified types: Autofill, History}
{"logTime": "0410/115736", "correlationVector":"OGSvrzcl4we2v3pWIgIqFB.1","action":"SyncServerConnectionManagerRequest", "result":"SYNC_SERVER_OK", "context":{"environment":"Prod_southeastasia_prod-s01-064-apac-southeastasia", "migrationStage":"NotStarted", "server":"akswtt11200000e"}}
{"logTime": "0410/115736", "correlationVector":"OGSvrzcl4we2v3pWIgIqFB.2","action":"ProcessGetUpdates", "result":"Done", "context":{"dataType":"Autofill", "deleted":"0", "process_failed_to_decrypt":"0", "process_pending_decryption":"0", "process_success":"2", "total":"2"}}
{"logTime": "0410/115736", "correlationVector":"OGSvrzcl4we2v3pWIgIqFB.3","action":"ProcessGetUpdates", "result":"Done", "context":{"dataType":"Sessions", "deleted":"0", "process_failed_to_decrypt":"0", "process_pending_decryption":"0", "process_success":"1", "total":"1"}}
{"logTime": "0410/115736", "correlationVector":"OGSvrzcl4we2v3pWIgIqFB.4","action":"ProcessGetUpdates", "result":"Done", "context":{"dataType":"History", "deleted":"0", "process_failed_to_decrypt":"0", "process_pending_decryption":"0", "process_success":"7", "total":"7"}}
{"logTime": "0410/115736", "correlationVector":"OGSvrzcl4we2v3pWIgIqFB.5","action":"GetUpdates Response", "result":"Success", "context":Received 10 update(s). cV=OGSvrzcl4we2v3pWIgIqFB.0;server=akswtt11200000e;cloudType=Consumer;environment=Prod_southeastasia_prod-s01-064-apac-southeastasia;migrationStage=NotStarted}
{"logTime": "0410/115837", "correlationVector":"41dujmYE6ZWPMlb6JPgHfd","action":"Normal GetUpdate request", "result":"", "context":cV=41dujmYE6ZWPMlb6JPgHfd
Notified types: History}
{"logTime": "0410/115838", "correlationVector":"41dujmYE6ZWPMlb6JPgHfd.1","action":"SyncServerConnectionManagerRequest", "result":"SYNC_SERVER_OK", "context":{"environment":"Prod_southindia_prod-s01-004-apac-southindia", "migrationStage":"NotStarted", "server":"akswtt10300000j"}}
{"logTime": "0410/115838", "correlationVector":"41dujmYE6ZWPMlb6JPgHfd.2","action":"ProcessGetUpdates", "result":"Done", "context":{"dataType":"Sessions", "deleted":"0", "process_failed_to_decrypt":"0", "process_pending_decryption":"0", "process_success":"2", "total":"2"}}
{"logTime": "0410/115838", "correlationVector":"41dujmYE6ZWPMlb6JPgHfd.3","action":"ProcessGetUpdates", "result":"Done", "context":{"dataType":"History", "deleted":"0", "process_failed_to_decrypt":"0", "process_pending_decryption":"0", "process_success":"3", "total":"3"}}
{"logTime": "0410/115838", "correlationVector":"41dujmYE6ZWPMlb6JPgHfd.4","action":"GetUpdates Response", "result":"Success", "context":Received 5 update(s). cV=41dujmYE6ZWPMlb6JPgHfd.0;server=akswtt10300000j;cloudType=Consumer;environment=Prod_southindia_prod-s01-004-apac-southindia;migrationStage=NotStarted}
{"logTime": "0410/115952", "correlationVector":"i6cqpI1p0U0VIR69K9Hwcl","action":"Normal GetUpdate request", "result":"", "context":cV=i6cqpI1p0U0VIR69K9Hwcl
Notified types: History}
{"logTime": "0410/115952", "correlationVector":"i6cqpI1p0U0VIR69K9Hwcl.1","action":"SyncServerConnectionManagerRequest", "result":"SYNC_SERVER_OK", "context":{"environment":"Prod_southindia_prod-s01-004-apac-southindia", "migrationStage":"NotStarted", "server":"akswtt10300000q"}}
{"logTime": "0410/115952", "correlationVector":"i6cqpI1p0U0VIR69K9Hwcl.2","action":"ProcessGetUpdates", "result":"Done", "context":{"dataType":"Sessions", "deleted":"0", "process_failed_to_decrypt":"0", "process_pending_decryption":"0", "process_success":"4", "total":"4"}}
{"logTime": "0410/115952", "correlationVector":"i6cqpI1p0U0VIR69K9Hwcl.3","action":"ProcessGetUpdates", "result":"Done", "context":{"dataType":"History", "deleted":"0", "process_failed_to_decrypt":"0", "process_pending_decryption":"0", "process_success":"1", "total":"1"}}
{"logTime": "0410/115952", "correlationVector":"i6cqpI1p0U0VIR69K9Hwcl.4","action":"GetUpdates Response", "result":"Success", "context":Received 5 update(s). cV=i6cqpI1p0U0VIR69K9Hwcl.0;server=akswtt10300000q;cloudType=Consumer;environment=Prod_southindia_prod-s01-004-apac-southindia;migrationStage=NotStarted}
{"logTime": "0410/120235", "correlationVector":"SGqMCPDGTYkVoWLHkxz3iW","action":"Normal GetUpdate request", "result":"", "context":cV=SGqMCPDGTYkVoWLHkxz3iW
Notified types: Device Info}
{"logTime": "0410/120236", "correlationVector":"SGqMCPDGTYkVoWLHkxz3iW.1","action":"SyncServerConnectionManagerRequest", "result":"SYNC_SERVER_OK", "context":{"environment":"Prod_southindia_prod-s01-004-apac-southindia", "migrationStage":"NotStarted", "server":"akswtt10300001j"}}
{"logTime": "0410/120236", "correlationVector":"SGqMCPDGTYkVoWLHkxz3iW.2","action":"ProcessGetUpdates", "result":"Done", "context":{"dataType":"Sessions", "deleted":"1", "process_failed_to_decrypt":"0", "process_pending_decryption":"0", "process_success":"3", "total":"3"}}
{"logTime": "0410/120236", "correlationVector":"SGqMCPDGTYkVoWLHkxz3iW.3","action":"ProcessGetUpdates", "result":"Done", "context":{"dataType":"Device Info", "deleted":"0", "process_failed_to_decrypt":"0", "process_pending_decryption":"0", "process_success":"1", "total":"1"}}
{"logTime": "0410/120236", "correlationVector":"SGqMCPDGTYkVoWLHkxz3iW.4","action":"GetUpdates Response", "result":"Success", "context":Received 4 update(s). cV=SGqMCPDGTYkVoWLHkxz3iW.0;server=akswtt10300001j;cloudType=Consumer;environment=Prod_southindia_prod-s01-004-apac-southindia;migrationStage=NotStarted}
{"logTime": "0410/120240", "correlationVector":"NGH7rvbPT6UQnmyifAZHmR","action":"Normal GetUpdate request", "result":"", "context":cV=NGH7rvbPT6UQnmyifAZHmR
Notified types: Preferences, Device Info}
{"logTime": "0410/120240", "correlationVector":"NGH7rvbPT6UQnmyifAZHmR.1","action":"SyncServerConnectionManagerRequest", "result":"SYNC_SERVER_OK", "context":{"environment":"Prod_southindia_prod-s01-004-apac-southindia", "migrationStage":"NotStarted", "server":"akswtt103000005"}}
{"logTime": "0410/120240", "correlationVector":"NGH7rvbPT6UQnmyifAZHmR.2","action":"ProcessGetUpdates", "result":"Done", "context":{"dataType":"Preferences", "deleted":"0", "process_failed_to_decrypt":"0", "process_pending_decryption":"0", "process_success":"1", "total":"1"}}
{"logTime": "0410/120240", "correlationVector":"NGH7rvbPT6UQnmyifAZHmR.3","action":"ProcessGetUpdates", "result":"Done", "context":{"dataType":"Sessions", "deleted":"0", "process_failed_to_decrypt":"0", "process_pending_decryption":"0", "process_success":"2", "total":"2"}}
{"logTime": "0410/120240", "correlationVector":"NGH7rvbPT6UQnmyifAZHmR.4","action":"ProcessGetUpdates", "result":"Done", "context":{"dataType":"Device Info", "deleted":"0", "process_failed_to_decrypt":"0", "process_pending_decryption":"0", "process_success":"1", "total":"1"}}
{"logTime": "0410/120240", "correlationVector":"NGH7rvbPT6UQnmyifAZHmR.5","action":"GetUpdates Response", "result":"Success", "context":Received 4 update(s). cV=NGH7rvbPT6UQnmyifAZHmR.0;server=akswtt103000005;cloudType=Consumer;environment=Prod_southindia_prod-s01-004-apac-southindia;migrationStage=NotStarted}
{"logTime": "0410/120242", "correlationVector":"OnDs/MMX8S6a8Ns5hrAxf7","action":"Normal GetUpdate request", "result":"", "context":cV=OnDs/MMX8S6a8Ns5hrAxf7
Notified types: Preferences}
{"logTime": "0410/120243", "correlationVector":"OnDs/MMX8S6a8Ns5hrAxf7.1","action":"SyncServerConnectionManagerRequest", "result":"SYNC_SERVER_OK", "context":{"environment":"Prod_southindia_prod-s01-004-apac-southindia", "migrationStage":"NotStarted", "server":"akswtt10300000m"}}
{"logTime": "0410/120243", "correlationVector":"OnDs/MMX8S6a8Ns5hrAxf7.2","action":"ProcessGetUpdates", "result":"Done", "context":{"dataType":"Preferences", "deleted":"0", "process_failed_to_decrypt":"0", "process_pending_decryption":"0", "process_success":"1", "total":"1"}}
{"logTime": "0410/120243", "correlationVector":"OnDs/MMX8S6a8Ns5hrAxf7.3","action":"GetUpdates Response", "result":"Success", "context":Received 1 update(s). cV=OnDs/MMX8S6a8Ns5hrAxf7.0;server=akswtt10300000m;cloudType=Consumer;environment=Prod_southindia_prod-s01-004-apac-southindia;migrationStage=NotStarted}
{"logTime": "0410/122917", "correlationVector":"Pu8u+OWlD23S/jwsJM6Mbp","action":"Normal GetUpdate request", "result":"", "context":cV=Pu8u+OWlD23S/jwsJM6Mbp
Notified types: Device Info}
{"logTime": "0410/122917", "correlationVector":"Pu8u+OWlD23S/jwsJM6Mbp.1","action":"SyncServerConnectionManagerRequest", "result":"SYNC_AUTH_ERROR", "context":{"environment":"Prod_southindia_prod-s01-004-apac-southindia", "migrationStage":"NotStarted", "server":"akswtt10300000d"}}
{"logTime": "0410/122917", "correlationVector":"Pu8u+OWlD23S/jwsJM6Mbp.2","action":"GetUpdates Response", "result":"HTTP error (401)", "context":Received error: HTTP error (401). cV=Pu8u+OWlD23S/jwsJM6Mbp.0;server=akswtt10300000d;cloudType=Undetermined;environment=Prod_southindia_prod-s01-004-apac-southindia;migrationStage=NotStarted}
{"logTime": "0410/122918", "correlationVector":"T63mIjUSK5aXUOhoidIoSc","action":"Normal GetUpdate request", "result":"", "context":cV=T63mIjUSK5aXUOhoidIoSc
Notified types: Device Info}
{"logTime": "0410/122918", "correlationVector":"T63mIjUSK5aXUOhoidIoSc.1","action":"SyncServerConnectionManagerRequest", "result":"SYNC_SERVER_OK", "context":{"environment":"Prod_southindia_prod-s01-004-apac-southindia", "migrationStage":"NotStarted", "server":"akswtt10300001d"}}
{"logTime": "0410/122918", "correlationVector":"T63mIjUSK5aXUOhoidIoSc.2","action":"ProcessGetUpdates", "result":"Done", "context":{"dataType":"Sessions", "deleted":"0", "process_failed_to_decrypt":"0", "process_pending_decryption":"0", "process_success":"2", "total":"2"}}
{"logTime": "0410/122918", "correlationVector":"T63mIjUSK5aXUOhoidIoSc.3","action":"ProcessGetUpdates", "result":"Done", "context":{"dataType":"Device Info", "deleted":"0", "process_failed_to_decrypt":"0", "process_pending_decryption":"0", "process_success":"1", "total":"1"}}
{"logTime": "0410/122918", "correlationVector":"T63mIjUSK5aXUOhoidIoSc.4","action":"GetUpdates Response", "result":"Success", "context":Received 3 update(s). cV=T63mIjUSK5aXUOhoidIoSc.0;server=akswtt10300001d;cloudType=Consumer;environment=Prod_southindia_prod-s01-004-apac-southindia;migrationStage=NotStarted}
{"logTime": "0410/123010", "correlationVector":"NdnDgGXe2SclRKlRpIE9g3","action":"Normal GetUpdate request", "result":"", "context":cV=NdnDgGXe2SclRKlRpIE9g3
Notified types: Device Info, History}
{"logTime": "0410/123011", "correlationVector":"NdnDgGXe2SclRKlRpIE9g3.1","action":"SyncServerConnectionManagerRequest", "result":"SYNC_SERVER_OK", "context":{"environment":"Prod_southindia_prod-s01-004-apac-southindia", "migrationStage":"NotStarted", "server":"akswtt10300000a"}}
{"logTime": "0410/123011", "correlationVector":"NdnDgGXe2SclRKlRpIE9g3.2","action":"ProcessGetUpdates", "result":"Done", "context":{"dataType":"Sessions", "deleted":"0", "process_failed_to_decrypt":"0", "process_pending_decryption":"0", "process_success":"4", "total":"4"}}
{"logTime": "0410/123011", "correlationVector":"NdnDgGXe2SclRKlRpIE9g3.3","action":"ProcessGetUpdates", "result":"Done", "context":{"dataType":"Device Info", "deleted":"0", "process_failed_to_decrypt":"0", "process_pending_decryption":"0", "process_success":"1", "total":"1"}}
{"logTime": "0410/123011", "correlationVector":"NdnDgGXe2SclRKlRpIE9g3.4","action":"ProcessGetUpdates", "result":"Done", "context":{"dataType":"History", "deleted":"0", "process_failed_to_decrypt":"0", "process_pending_decryption":"0", "process_success":"8", "total":"8"}}
{"logTime": "0410/123011", "correlationVector":"NdnDgGXe2SclRKlRpIE9g3.5","action":"GetUpdates Response", "result":"Success", "context":Received 13 update(s). cV=NdnDgGXe2SclRKlRpIE9g3.0;server=akswtt10300000a;cloudType=Consumer;environment=Prod_southindia_prod-s01-004-apac-southindia;migrationStage=NotStarted}
{"logTime": "0410/124636", "correlationVector":"oQt36qFwXHIQM5wSkco6K9","action":"Normal GetUpdate request", "result":"", "context":cV=oQt36qFwXHIQM5wSkco6K9
Notified types: History}
{"logTime": "0410/124636", "correlationVector":"oQt36qFwXHIQM5wSkco6K9.1","action":"SyncServerConnectionManagerRequest", "result":"SYNC_SERVER_OK", "context":{"environment":"Prod_southindia_prod-s01-004-apac-southindia", "migrationStage":"NotStarted", "server":"akswtt10300001f"}}
{"logTime": "0410/124636", "correlationVector":"oQt36qFwXHIQM5wSkco6K9.2","action":"ProcessGetUpdates", "result":"Done", "context":{"dataType":"Sessions", "deleted":"0", "process_failed_to_decrypt":"0", "process_pending_decryption":"0", "process_success":"4", "total":"4"}}
{"logTime": "0410/124636", "correlationVector":"oQt36qFwXHIQM5wSkco6K9.3","action":"ProcessGetUpdates", "result":"Done", "context":{"dataType":"History", "deleted":"0", "process_failed_to_decrypt":"0", "process_pending_decryption":"0", "process_success":"1", "total":"1"}}
{"logTime": "0410/124636", "correlationVector":"oQt36qFwXHIQM5wSkco6K9.4","action":"GetUpdates Response", "result":"Success", "context":Received 5 update(s). cV=oQt36qFwXHIQM5wSkco6K9.0;server=akswtt10300001f;cloudType=Consumer;environment=Prod_southindia_prod-s01-004-apac-southindia;migrationStage=NotStarted}
{"logTime": "0410/125446", "correlationVector":"ZeVU2nANB7tn+BxCY8Cmyy","action":"Normal GetUpdate request", "result":"", "context":cV=ZeVU2nANB7tn+BxCY8Cmyy
Notified types: Device Info}
{"logTime": "0410/125447", "correlationVector":"ZeVU2nANB7tn+BxCY8Cmyy.1","action":"SyncServerConnectionManagerRequest", "result":"SYNC_SERVER_OK", "context":{"environment":"Prod_southindia_prod-s01-004-apac-southindia", "migrationStage":"NotStarted", "server":"akswtt103000007"}}
{"logTime": "0410/125447", "correlationVector":"ZeVU2nANB7tn+BxCY8Cmyy.2","action":"ProcessGetUpdates", "result":"Done", "context":{"dataType":"Sessions", "deleted":"1", "process_failed_to_decrypt":"0", "process_pending_decryption":"0", "process_success":"2", "total":"2"}}
{"logTime": "0410/125447", "correlationVector":"ZeVU2nANB7tn+BxCY8Cmyy.3","action":"ProcessGetUpdates", "result":"Done", "context":{"dataType":"Device Info", "deleted":"0", "process_failed_to_decrypt":"0", "process_pending_decryption":"0", "process_success":"1", "total":"1"}}
{"logTime": "0410/125447", "correlationVector":"ZeVU2nANB7tn+BxCY8Cmyy.4","action":"GetUpdates Response", "result":"Success", "context":Received 3 update(s). cV=ZeVU2nANB7tn+BxCY8Cmyy.0;server=akswtt103000007;cloudType=Consumer;environment=Prod_southindia_prod-s01-004-apac-southindia;migrationStage=NotStarted}
{"logTime": "0410/125505", "correlationVector":"Pbva7i5OBTEu+WtHDnSKqE","action":"Normal GetUpdate request", "result":"", "context":cV=Pbva7i5OBTEu+WtHDnSKqE
Notified types: Preferences, Device Info, History}
{"logTime": "0410/125505", "correlationVector":"Pbva7i5OBTEu+WtHDnSKqE.1","action":"SyncServerConnectionManagerRequest", "result":"SYNC_SERVER_OK", "context":{"environment":"Prod_southindia_prod-s01-004-apac-southindia", "migrationStage":"NotStarted", "server":"akswtt10300001s"}}
{"logTime": "0410/125505", "correlationVector":"Pbva7i5OBTEu+WtHDnSKqE.2","action":"ProcessGetUpdates", "result":"Done", "context":{"dataType":"Preferences", "deleted":"0", "process_failed_to_decrypt":"0", "process_pending_decryption":"0", "process_success":"1", "total":"1"}}
{"logTime": "0410/125505", "correlationVector":"Pbva7i5OBTEu+WtHDnSKqE.3","action":"ProcessGetUpdates", "result":"Done", "context":{"dataType":"Sessions", "deleted":"0", "process_failed_to_decrypt":"0", "process_pending_decryption":"0", "process_success":"4", "total":"4"}}
{"logTime": "0410/125505", "correlationVector":"Pbva7i5OBTEu+WtHDnSKqE.4","action":"ProcessGetUpdates", "result":"Done", "context":{"dataType":"Device Info", "deleted":"0", "process_failed_to_decrypt":"0", "process_pending_decryption":"0", "process_success":"1", "total":"1"}}
{"logTime": "0410/125505", "correlationVector":"Pbva7i5OBTEu+WtHDnSKqE.5","action":"ProcessGetUpdates", "result":"Done", "context":{"dataType":"History", "deleted":"0", "process_failed_to_decrypt":"0", "process_pending_decryption":"0", "process_success":"1", "total":"1"}}
{"logTime": "0410/125505", "correlationVector":"Pbva7i5OBTEu+WtHDnSKqE.6","action":"GetUpdates Response", "result":"Success", "context":Received 7 update(s). cV=Pbva7i5OBTEu+WtHDnSKqE.0;server=akswtt10300001s;cloudType=Consumer;environment=Prod_southindia_prod-s01-004-apac-southindia;migrationStage=NotStarted}
{"logTime": "0410/125508", "correlationVector":"UE2YpcA+HnQld0r6NgGLhX","action":"Normal GetUpdate request", "result":"", "context":cV=UE2YpcA+HnQld0r6NgGLhX
Notified types: Preferences}
{"logTime": "0410/125509", "correlationVector":"UE2YpcA+HnQld0r6NgGLhX.1","action":"SyncServerConnectionManagerRequest", "result":"SYNC_SERVER_OK", "context":{"environment":"Prod_southindia_prod-s01-004-apac-southindia", "migrationStage":"NotStarted", "server":"akswtt103000007"}}
{"logTime": "0410/125509", "correlationVector":"UE2YpcA+HnQld0r6NgGLhX.2","action":"ProcessGetUpdates", "result":"Done", "context":{"dataType":"Preferences", "deleted":"0", "process_failed_to_decrypt":"0", "process_pending_decryption":"0", "process_success":"1", "total":"1"}}
{"logTime": "0410/125509", "correlationVector":"UE2YpcA+HnQld0r6NgGLhX.3","action":"ProcessGetUpdates", "result":"Done", "context":{"dataType":"Sessions", "deleted":"1", "process_failed_to_decrypt":"0", "process_pending_decryption":"0", "process_success":"2", "total":"2"}}
{"logTime": "0410/125509", "correlationVector":"UE2YpcA+HnQld0r6NgGLhX.4","action":"GetUpdates Response", "result":"Success", "context":Received 3 update(s). cV=UE2YpcA+HnQld0r6NgGLhX.0;server=akswtt103000007;cloudType=Consumer;environment=Prod_southindia_prod-s01-004-apac-southindia;migrationStage=NotStarted}
{"logTime": "0410/125610", "correlationVector":"nqb0tukXQYs+o4uzbIAedx","action":"Normal GetUpdate request", "result":"", "context":cV=nqb0tukXQYs+o4uzbIAedx
Notified types: History}
{"logTime": "0410/125610", "correlationVector":"nqb0tukXQYs+o4uzbIAedx.1","action":"SyncServerConnectionManagerRequest", "result":"SYNC_SERVER_OK", "context":{"environment":"Prod_southindia_prod-s01-004-apac-southindia", "migrationStage":"NotStarted", "server":"akswtt10300000y"}}
{"logTime": "0410/125610", "correlationVector":"nqb0tukXQYs+o4uzbIAedx.2","action":"ProcessGetUpdates", "result":"Done", "context":{"dataType":"Sessions", "deleted":"1", "process_failed_to_decrypt":"0", "process_pending_decryption":"0", "process_success":"6", "total":"6"}}
{"logTime": "0410/125610", "correlationVector":"nqb0tukXQYs+o4uzbIAedx.3","action":"ProcessGetUpdates", "result":"Done", "context":{"dataType":"History", "deleted":"0", "process_failed_to_decrypt":"0", "process_pending_decryption":"0", "process_success":"1", "total":"1"}}
{"logTime": "0410/125610", "correlationVector":"nqb0tukXQYs+o4uzbIAedx.4","action":"GetUpdates Response", "result":"Success", "context":Received 7 update(s). cV=nqb0tukXQYs+o4uzbIAedx.0;server=akswtt10300000y;cloudType=Consumer;environment=Prod_southindia_prod-s01-004-apac-southindia;migrationStage=NotStarted}
{"logTime": "0410/125846", "correlationVector":"9tyDQehQyRHH4jR3RsVhwH","action":"Normal GetUpdate request", "result":"", "context":cV=9tyDQehQyRHH4jR3RsVhwH
Notified types: History}
{"logTime": "0410/125846", "correlationVector":"9tyDQehQyRHH4jR3RsVhwH.1","action":"SyncServerConnectionManagerRequest", "result":"SYNC_SERVER_OK", "context":{"environment":"Prod_southindia_prod-s01-004-apac-southindia", "migrationStage":"NotStarted", "server":"akswtt103000010"}}
{"logTime": "0410/125846", "correlationVector":"9tyDQehQyRHH4jR3RsVhwH.2","action":"ProcessGetUpdates", "result":"Done", "context":{"dataType":"Sessions", "deleted":"1", "process_failed_to_decrypt":"0", "process_pending_decryption":"0", "process_success":"4", "total":"4"}}
{"logTime": "0410/125846", "correlationVector":"9tyDQehQyRHH4jR3RsVhwH.3","action":"ProcessGetUpdates", "result":"Done", "context":{"dataType":"History", "deleted":"0", "process_failed_to_decrypt":"0", "process_pending_decryption":"0", "process_success":"1", "total":"1"}}
{"logTime": "0410/125846", "correlationVector":"9tyDQehQyRHH4jR3RsVhwH.4","action":"GetUpdates Response", "result":"Success", "context":Received 5 update(s). cV=9tyDQehQyRHH4jR3RsVhwH.0;server=akswtt103000010;cloudType=Consumer;environment=Prod_southindia_prod-s01-004-apac-southindia;migrationStage=NotStarted}
